2024-03-17 08:28:55.908 INFO  (main) [c: s: r: x: t:] o.e.j.s.Server jetty-10.0.19; built: 2023-12-15T20:38:32.477Z; git: 8492d1c78f122bb30cce20aecfa07e7283facd47; jvm 17.0.10+7
2024-03-17 08:29:00.417 WARN  (main) [c: s: r: x: t:] o.e.j.u.DeprecationWarning Using @Deprecated Class org.eclipse.jetty.servlet.listener.ELContextCleaner
2024-03-17 08:29:00.653 INFO  (main) [c: s: r: x: t:] o.a.s.s.CoreContainerProvider Using logger factory org.apache.logging.slf4j.Log4jLoggerFactory
2024-03-17 08:29:00.731 INFO  (main) [c: s: r: x: t:] o.a.s.s.CoreContainerProvider  ___      _       Welcome to Apache Solr™ version 9.5.0
2024-03-17 08:29:00.732 INFO  (main) [c: s: r: x: t:] o.a.s.s.CoreContainerProvider / __| ___| |_ _   Starting in standalone mode on port 8983
2024-03-17 08:29:00.733 INFO  (main) [c: s: r: x: t:] o.a.s.s.CoreContainerProvider \__ \/ _ \ | '_|  Install dir: /opt/solr-9.5.0
2024-03-17 08:29:00.734 INFO  (main) [c: s: r: x: t:] o.a.s.s.CoreContainerProvider |___/\___/_|_|    Start time: 2024-03-17T08:29:00.734479644Z
2024-03-17 08:29:00.785 INFO  (main) [c: s: r: x: t:] o.a.s.s.CoreContainerProvider Solr started with "-XX:+CrashOnOutOfMemoryError" that will crash on any OutOfMemoryError exception. The cause of the OOME will be logged in the crash file at the following path: /var/solr/logs/jvm_crash_12.log
2024-03-17 08:29:01.023 INFO  (main) [c: s: r: x: t:] o.a.s.s.CoreContainerProvider Solr Home: /var/solr/data (source: system property: solr.solr.home)
2024-03-17 08:29:01.170 INFO  (main) [c: s: r: x: t:] o.a.s.c.SolrXmlConfig solr.xml not found in SOLR_HOME, using built-in default
2024-03-17 08:29:01.178 INFO  (main) [c: s: r: x: t:] o.a.s.c.SolrXmlConfig Loading solr.xml from /opt/solr-9.5.0/server/solr/solr.xml
2024-03-17 08:29:01.529 INFO  (main) [c: s: r: x: t:] o.a.s.c.SolrResourceLoader Added 1 libs to classloader, from paths: [/opt/solr-9.5.0/lib]
2024-03-17 08:29:10.119 INFO  (main) [c: s: r: x: t:] o.a.s.u.t.SimplePropagator Always-on trace id generation enabled.
2024-03-17 08:29:13.141 WARN  (main) [c: s: r: x: t:] o.a.s.u.StartupLoggingUtils Jetty request logging enabled. Will retain logs for last 3 days. See chapter "Configuring Logging" in reference guide for how to configure.
2024-03-17 08:29:13.160 WARN  (main) [c: s: r: x: t:] o.a.s.c.CoreContainer Not all security plugins configured!  authentication=disabled authorization=disabled.  Solr is only as secure as you make it. Consider configuring authentication/authorization before exposing Solr to users internal or external.  See https://s.apache.org/solrsecurity for more info
2024-03-17 08:29:14.969 INFO  (main) [c: s: r: x: t:] o.a.s.c.CorePropertiesLocator Found 1 core definitions underneath /var/solr/data
2024-03-17 08:29:14.971 INFO  (main) [c: s: r: x: t:] o.a.s.c.CorePropertiesLocator Cores are: [n11core]
2024-03-17 08:29:16.576 INFO  (coreLoadExecutor-11-thread-1) [c: s: r: x:n11core t:] o.a.s.c.SolrConfig Using Lucene MatchVersion: 9.9.0
2024-03-17 08:29:19.535 WARN  (main) [c: s: r: x: t:] o.g.j.m.i.MessagingBinders A class jakarta.activation.DataSource for a default provider MessageBodyWriter<jakarta.activation.DataSource> was not found. The provider is not available.
2024-03-17 08:29:20.051 INFO  (coreLoadExecutor-11-thread-1) [c: s: r: x:n11core t:] o.a.s.s.IndexSchema Schema name=default-config
2024-03-17 08:29:23.156 INFO  (main) [c: s: r: x: t:] o.a.s.j.SolrRequestAuthorizer Creating a new SolrRequestAuthorizer
2024-03-17 08:29:24.818 INFO  (main) [c: s: r: x: t:] o.e.j.s.h.ContextHandler Started o.e.j.w.WebAppContext@655a5d9c{solr-jetty-context.xml,/solr,file:///opt/solr-9.5.0/server/solr-webapp/webapp/,AVAILABLE}{/opt/solr-9.5.0/server/solr-webapp/webapp}
2024-03-17 08:29:24.952 INFO  (main) [c: s: r: x: t:] o.e.j.s.RequestLogWriter Opened /var/solr/logs/2024_03_17.request.log
2024-03-17 08:29:25.032 INFO  (main) [c: s: r: x: t:] o.e.j.s.AbstractConnector Started ServerConnector@2b95e48b{HTTP/1.1, (http/1.1, h2c)}{0.0.0.0:8983}
2024-03-17 08:29:25.038 INFO  (main) [c: s: r: x: t:] o.e.j.s.Server Started Server@376a312c{STARTING}[10.0.19,sto=0] @46068ms
2024-03-17 08:29:29.328 INFO  (coreLoadExecutor-11-thread-1) [c: s: r: x:n11core t:] o.a.s.s.IndexSchema Loaded schema default-config/1.6 with uniqueid field id
2024-03-17 08:29:29.330 INFO  (coreLoadExecutor-11-thread-1) [c: s: r: x:n11core t:] o.a.s.c.CoreContainer Creating SolrCore 'n11core' using configuration from instancedir /var/solr/data/n11core, trusted=true
2024-03-17 08:29:29.644 INFO  (coreLoadExecutor-11-thread-1) [c: s: r: x:n11core t:] o.a.s.c.SolrCore Opening new SolrCore at [/var/solr/data/n11core], dataDir=[/var/solr/data/n11core/data/]
2024-03-17 08:29:35.531 INFO  (coreLoadExecutor-11-thread-1) [c: s: r: x:n11core t:] o.a.s.j.SolrRequestAuthorizer Creating a new SolrRequestAuthorizer
2024-03-17 08:29:35.679 INFO  (coreLoadExecutor-11-thread-1) [c: s: r: x:n11core t:] o.a.s.u.UpdateHandler Using UpdateLog implementation: org.apache.solr.update.UpdateLog
2024-03-17 08:29:35.680 INFO  (coreLoadExecutor-11-thread-1) [c: s: r: x:n11core t:] o.a.s.u.UpdateLog Initializing UpdateLog: dataDir= defaultSyncLevel=FLUSH numRecordsToKeep=100 maxNumLogsToKeep=10 numVersionBuckets=65536
2024-03-17 08:29:35.985 INFO  (coreLoadExecutor-11-thread-1) [c: s: r: x:n11core t:] o.a.s.u.CommitTracker Hard AutoCommit: if uncommitted for 15000ms; 
2024-03-17 08:29:35.987 INFO  (coreLoadExecutor-11-thread-1) [c: s: r: x:n11core t:] o.a.s.u.CommitTracker Soft AutoCommit: if uncommitted for 3000ms; 
2024-03-17 08:29:36.741 INFO  (coreLoadExecutor-11-thread-1) [c: s: r: x:n11core t:] o.a.s.r.ManagedResourceStorage File-based storage initialized to use dir: /var/solr/data/n11core/conf
2024-03-17 08:29:36.852 INFO  (coreLoadExecutor-11-thread-1) [c: s: r: x:n11core t:] o.a.s.s.DirectSolrSpellChecker init: {maxEdits=2, minPrefix=1, maxInspections=5, minQueryLength=4, accuracy=0.5, maxQueryFrequency=0.01, name=default, field=_text_, classname=solr.DirectSolrSpellChecker, distanceMeasure=internal}
2024-03-17 08:29:36.920 INFO  (coreLoadExecutor-11-thread-1) [c: s: r: x:n11core t:] o.a.s.h.ReplicationHandler Commits will be reserved for 10000 ms
2024-03-17 08:29:36.932 INFO  (searcherExecutor-13-thread-1-processing-n11core) [c: s: r: x:n11core t:] o.a.s.c.QuerySenderListener QuerySenderListener done.
2024-03-17 08:29:36.932 INFO  (searcherExecutor-13-thread-1-processing-n11core) [c: s: r: x:n11core t:] o.a.s.h.c.SpellCheckComponent Loading spell index for spellchecker: default
2024-03-17 08:29:36.990 INFO  (searcherExecutor-13-thread-1-processing-n11core) [c: s: r: x:n11core t:] o.a.s.c.SolrCore Registered new searcher autowarm time: 0 ms
2024-03-17 08:32:46.058 INFO  (qtp693267461-23-null-2) [c: s: r: x: t:null-2] o.a.s.s.HttpSolrCall [admin] webapp=null path=/admin/cores params={indexInfo=false&wt=json&_=1710664363633} status=0 QTime=246
2024-03-17 08:32:46.337 INFO  (qtp693267461-42-null-3) [c: s: r: x: t:null-3] o.a.s.s.HttpSolrCall [admin] webapp=null path=/admin/info/system params={wt=json&_=1710664363634} status=0 QTime=532
2024-03-17 08:32:46.493 INFO  (qtp693267461-48-null-4) [c: s: r: x: t:null-4] o.a.s.s.HttpSolrCall [admin] webapp=null path=/admin/info/system params={wt=json&_=1710664363634} status=0 QTime=78
2024-03-17 08:32:49.736 INFO  (qtp693267461-42-null-5) [c: s: r: x: t:null-5] o.a.s.s.HttpSolrCall [admin] webapp=null path=/admin/cores params={indexInfo=false&wt=json&_=1710664363633} status=0 QTime=2
2024-03-17 08:32:49.889 INFO  (qtp693267461-45-null-6) [c: s: r: x: t:null-6] o.a.s.s.HttpSolrCall [admin] webapp=null path=/admin/info/system params={wt=json&_=1710664363634} status=0 QTime=151
2024-03-17 08:32:49.915 INFO  (qtp693267461-53-null-7) [c: s: r: x:n11core t:null-7] o.a.s.c.S.Request webapp=/solr path=/admin/luke params={numTerms=0&show=index&wt=json&_=1710664369697} status=0 QTime=171
2024-03-17 08:32:49.989 INFO  (qtp693267461-60-null-8) [c: s: r: x:n11core t:null-8] o.a.s.c.S.Request webapp=/solr path=/admin/system params={wt=json&_=1710664369697} status=0 QTime=136
2024-03-17 08:32:49.990 INFO  (qtp693267461-47-null-9) [c: s: r: x:n11core t:null-9] o.a.s.c.S.Request webapp=/solr path=/admin/ping params={action=status&wt=json&_=1710664363634&ts=1710664363634} status=503 QTime=65
2024-03-17 08:32:50.024 INFO  (qtp693267461-23-null-10) [c: s: r: x:n11core t:null-10] o.a.s.c.S.Request webapp=/solr path=/replication params={wt=json&command=details&_=1710664369698} status=0 QTime=101
2024-03-17 08:33:38.888 INFO  (JettyShutdownThread) [c: s: r: x: t:] o.e.j.s.Server Stopped Server@376a312c{STOPPING}[10.0.19,sto=0]
2024-03-17 08:33:39.151 INFO  (JettyShutdownThread) [c: s: r: x: t:] o.e.j.s.AbstractConnector Stopped ServerConnector@2b95e48b{HTTP/1.1, (http/1.1, h2c)}{0.0.0.0:8983}
2024-03-17 08:33:40.266 INFO  (JettyShutdownThread) [c: s: r: x: t:] o.a.s.c.CoreContainer Shutting down CoreContainer instance=1537371824
2024-03-17 08:33:40.355 INFO  (coreCloseExecutor-19-thread-1) [c: s: r: x:n11core t:] o.a.s.c.SolrCore CLOSING SolrCore org.apache.solr.core.SolrCore@6ae17d7f n11core
2024-03-17 08:33:40.391 INFO  (coreCloseExecutor-19-thread-1) [c: s: r: x:n11core t:] o.a.s.m.SolrMetricManager Closing metric reporters for registry=solr.core.n11core tag=SolrCore@6ae17d7f
2024-03-17 08:33:41.045 INFO  (coreCloseExecutor-19-thread-1) [c: s: r: x:n11core t:] o.a.s.u.DirectUpdateHandler2 Committing on IndexWriter.close()  ... SKIPPED (unnecessary).
2024-03-17 08:33:41.515 INFO  (JettyShutdownThread) [c: s: r: x: t:] o.a.s.m.SolrMetricManager Closing metric reporters for registry=solr.node tag=null
2024-03-17 08:33:41.659 INFO  (JettyShutdownThread) [c: s: r: x: t:] o.a.s.m.SolrMetricManager Closing metric reporters for registry=solr.jvm tag=null
2024-03-17 08:33:41.750 INFO  (JettyShutdownThread) [c: s: r: x: t:] o.a.s.m.SolrMetricManager Closing metric reporters for registry=solr.jetty tag=null
2024-03-17 08:33:42.011 INFO  (JettyShutdownThread) [c: s: r: x: t:] o.e.j.s.h.ContextHandler Stopped o.e.j.w.WebAppContext@655a5d9c{solr-jetty-context.xml,/solr,null,STOPPED}{/opt/solr-9.5.0/server/solr-webapp/webapp}
