2024-03-10 20:18:25.915 INFO  (main) [c: s: r: x: t:] o.e.j.s.Server jetty-10.0.19; built: 2023-12-15T20:38:32.477Z; git: 8492d1c78f122bb30cce20aecfa07e7283facd47; jvm 17.0.10+7
2024-03-10 20:18:27.205 WARN  (main) [c: s: r: x: t:] o.e.j.u.DeprecationWarning Using @Deprecated Class org.eclipse.jetty.servlet.listener.ELContextCleaner
2024-03-10 20:18:27.309 INFO  (main) [c: s: r: x: t:] o.a.s.s.CoreContainerProvider Using logger factory org.apache.logging.slf4j.Log4jLoggerFactory
2024-03-10 20:18:27.334 INFO  (main) [c: s: r: x: t:] o.a.s.s.CoreContainerProvider  ___      _       Welcome to Apache Solr™ version 9.5.0
2024-03-10 20:18:27.335 INFO  (main) [c: s: r: x: t:] o.a.s.s.CoreContainerProvider / __| ___| |_ _   Starting in standalone mode on port 8983
2024-03-10 20:18:27.335 INFO  (main) [c: s: r: x: t:] o.a.s.s.CoreContainerProvider \__ \/ _ \ | '_|  Install dir: /opt/solr-9.5.0
2024-03-10 20:18:27.336 INFO  (main) [c: s: r: x: t:] o.a.s.s.CoreContainerProvider |___/\___/_|_|    Start time: 2024-03-10T20:18:27.336022382Z
2024-03-10 20:18:27.347 INFO  (main) [c: s: r: x: t:] o.a.s.s.CoreContainerProvider Solr started with "-XX:+CrashOnOutOfMemoryError" that will crash on any OutOfMemoryError exception. The cause of the OOME will be logged in the crash file at the following path: /var/solr/logs/jvm_crash_12.log
2024-03-10 20:18:27.447 INFO  (main) [c: s: r: x: t:] o.a.s.s.CoreContainerProvider Solr Home: /var/solr/data (source: system property: solr.solr.home)
2024-03-10 20:18:27.531 INFO  (main) [c: s: r: x: t:] o.a.s.c.SolrXmlConfig solr.xml not found in SOLR_HOME, using built-in default
2024-03-10 20:18:27.531 INFO  (main) [c: s: r: x: t:] o.a.s.c.SolrXmlConfig Loading solr.xml from /opt/solr-9.5.0/server/solr/solr.xml
2024-03-10 20:18:27.683 INFO  (main) [c: s: r: x: t:] o.a.s.c.SolrResourceLoader Added 1 libs to classloader, from paths: [/opt/solr-9.5.0/lib]
2024-03-10 20:18:34.042 INFO  (main) [c: s: r: x: t:] o.a.s.u.t.SimplePropagator Always-on trace id generation enabled.
2024-03-10 20:18:35.427 WARN  (main) [c: s: r: x: t:] o.a.s.u.StartupLoggingUtils Jetty request logging enabled. Will retain logs for last 3 days. See chapter "Configuring Logging" in reference guide for how to configure.
2024-03-10 20:18:35.455 WARN  (main) [c: s: r: x: t:] o.a.s.c.CoreContainer Not all security plugins configured!  authentication=disabled authorization=disabled.  Solr is only as secure as you make it. Consider configuring authentication/authorization before exposing Solr to users internal or external.  See https://s.apache.org/solrsecurity for more info
2024-03-10 20:18:36.632 INFO  (main) [c: s: r: x: t:] o.a.s.c.CorePropertiesLocator Found 1 core definitions underneath /var/solr/data
2024-03-10 20:18:36.634 INFO  (main) [c: s: r: x: t:] o.a.s.c.CorePropertiesLocator Cores are: [n11core]
2024-03-10 20:18:36.895 INFO  (coreLoadExecutor-11-thread-1) [c: s: r: x:n11core t:] o.a.s.c.SolrConfig Using Lucene MatchVersion: 9.9.0
2024-03-10 20:18:37.464 INFO  (coreLoadExecutor-11-thread-1) [c: s: r: x:n11core t:] o.a.s.s.IndexSchema Schema name=default-config
2024-03-10 20:18:38.112 WARN  (main) [c: s: r: x: t:] o.g.j.m.i.MessagingBinders A class jakarta.activation.DataSource for a default provider MessageBodyWriter<jakarta.activation.DataSource> was not found. The provider is not available.
2024-03-10 20:18:41.442 INFO  (main) [c: s: r: x: t:] o.a.s.j.SolrRequestAuthorizer Creating a new SolrRequestAuthorizer
2024-03-10 20:18:42.327 INFO  (main) [c: s: r: x: t:] o.e.j.s.h.ContextHandler Started o.e.j.w.WebAppContext@655a5d9c{solr-jetty-context.xml,/solr,file:///opt/solr-9.5.0/server/solr-webapp/webapp/,AVAILABLE}{/opt/solr-9.5.0/server/solr-webapp/webapp}
2024-03-10 20:18:42.375 INFO  (main) [c: s: r: x: t:] o.e.j.s.RequestLogWriter Opened /var/solr/logs/2024_03_10.request.log
2024-03-10 20:18:42.395 INFO  (main) [c: s: r: x: t:] o.e.j.s.AbstractConnector Started ServerConnector@2b95e48b{HTTP/1.1, (http/1.1, h2c)}{0.0.0.0:8983}
2024-03-10 20:18:42.400 INFO  (main) [c: s: r: x: t:] o.e.j.s.Server Started Server@376a312c{STARTING}[10.0.19,sto=0] @21633ms
2024-03-10 20:18:42.925 INFO  (coreLoadExecutor-11-thread-1) [c: s: r: x:n11core t:] o.a.s.s.IndexSchema Loaded schema default-config/1.6 with uniqueid field id
2024-03-10 20:18:42.925 INFO  (coreLoadExecutor-11-thread-1) [c: s: r: x:n11core t:] o.a.s.c.CoreContainer Creating SolrCore 'n11core' using configuration from instancedir /var/solr/data/n11core, trusted=true
2024-03-10 20:18:43.076 INFO  (coreLoadExecutor-11-thread-1) [c: s: r: x:n11core t:] o.a.s.c.SolrCore Opening new SolrCore at [/var/solr/data/n11core], dataDir=[/var/solr/data/n11core/data/]
2024-03-10 20:18:46.437 INFO  (coreLoadExecutor-11-thread-1) [c: s: r: x:n11core t:] o.a.s.j.SolrRequestAuthorizer Creating a new SolrRequestAuthorizer
2024-03-10 20:18:46.539 INFO  (coreLoadExecutor-11-thread-1) [c: s: r: x:n11core t:] o.a.s.u.UpdateHandler Using UpdateLog implementation: org.apache.solr.update.UpdateLog
2024-03-10 20:18:46.539 INFO  (coreLoadExecutor-11-thread-1) [c: s: r: x:n11core t:] o.a.s.u.UpdateLog Initializing UpdateLog: dataDir= defaultSyncLevel=FLUSH numRecordsToKeep=100 maxNumLogsToKeep=10 numVersionBuckets=65536
2024-03-10 20:18:46.657 INFO  (coreLoadExecutor-11-thread-1) [c: s: r: x:n11core t:] o.a.s.u.CommitTracker Hard AutoCommit: if uncommitted for 15000ms; 
2024-03-10 20:18:46.661 INFO  (coreLoadExecutor-11-thread-1) [c: s: r: x:n11core t:] o.a.s.u.CommitTracker Soft AutoCommit: if uncommitted for 3000ms; 
2024-03-10 20:18:47.613 INFO  (coreLoadExecutor-11-thread-1) [c: s: r: x:n11core t:] o.a.s.r.ManagedResourceStorage File-based storage initialized to use dir: /var/solr/data/n11core/conf
2024-03-10 20:18:47.685 INFO  (coreLoadExecutor-11-thread-1) [c: s: r: x:n11core t:] o.a.s.s.DirectSolrSpellChecker init: {name=default, field=_text_, classname=solr.DirectSolrSpellChecker, distanceMeasure=internal, maxEdits=2, minPrefix=1, maxInspections=5, minQueryLength=4, accuracy=0.5, maxQueryFrequency=0.01}
2024-03-10 20:18:47.723 INFO  (coreLoadExecutor-11-thread-1) [c: s: r: x:n11core t:] o.a.s.h.ReplicationHandler Commits will be reserved for 10000 ms
2024-03-10 20:18:47.728 INFO  (searcherExecutor-13-thread-1-processing-n11core) [c: s: r: x:n11core t:] o.a.s.c.QuerySenderListener QuerySenderListener done.
2024-03-10 20:18:47.728 INFO  (searcherExecutor-13-thread-1-processing-n11core) [c: s: r: x:n11core t:] o.a.s.h.c.SpellCheckComponent Loading spell index for spellchecker: default
2024-03-10 20:18:47.755 INFO  (searcherExecutor-13-thread-1-processing-n11core) [c: s: r: x:n11core t:] o.a.s.c.SolrCore Registered new searcher autowarm time: 0 ms
2024-03-10 20:20:09.360 INFO  (qtp693267461-19-null-2) [c: s: r: x: t:null-2] o.a.s.s.HttpSolrCall [admin] webapp=null path=/admin/cores params={indexInfo=false&wt=json&_=1710102009070} status=0 QTime=121
2024-03-10 20:20:09.460 INFO  (qtp693267461-20-null-3) [c: s: r: x: t:null-3] o.a.s.s.HttpSolrCall [admin] webapp=null path=/admin/info/system params={wt=json&_=1710102009071} status=0 QTime=154
2024-03-10 20:20:09.540 INFO  (qtp693267461-24-null-4) [c: s: r: x: t:null-4] o.a.s.s.HttpSolrCall [admin] webapp=null path=/admin/info/system params={wt=json&_=1710102009071} status=0 QTime=49
2024-03-10 20:20:11.474 INFO  (qtp693267461-23-null-5) [c: s: r: x: t:null-5] o.a.s.s.HttpSolrCall [admin] webapp=null path=/admin/cores params={indexInfo=false&wt=json&_=1710102009070} status=0 QTime=1
2024-03-10 20:20:11.552 INFO  (qtp693267461-26-null-6) [c: s: r: x:n11core t:null-6] o.a.s.c.S.Request webapp=/solr path=/admin/luke params={numTerms=0&show=index&wt=json&_=1710102011440} status=0 QTime=70
2024-03-10 20:20:11.630 INFO  (qtp693267461-21-null-7) [c: s: r: x:n11core t:null-7] o.a.s.c.S.Request webapp=/solr path=/replication params={wt=json&command=details&_=1710102011443} status=0 QTime=87
2024-03-10 20:20:12.610 INFO  (qtp693267461-25-null-10) [c: s: r: x:n11core t:null-10] o.a.s.c.S.Request webapp=/solr path=/admin/ping params={action=status&wt=json&_=1710102009071&ts=1710102009071} status=503 QTime=8
2024-03-10 20:20:12.640 INFO  (qtp693267461-18-null-8) [c: s: r: x: t:null-8] o.a.s.s.HttpSolrCall [admin] webapp=null path=/admin/info/system params={wt=json&_=1710102009071} status=0 QTime=81
2024-03-10 20:20:12.652 INFO  (qtp693267461-24-null-9) [c: s: r: x:n11core t:null-9] o.a.s.c.S.Request webapp=/solr path=/admin/system params={wt=json&_=1710102011441} status=0 QTime=79
2024-03-10 20:20:13.113 INFO  (qtp693267461-27-null-13) [c: s: r: x: t:null-13] o.a.s.s.HttpSolrCall [admin] webapp=null path=/admin/cores params={indexInfo=false&wt=json&_=1710102009070} status=0 QTime=0
2024-03-10 20:20:13.128 INFO  (qtp693267461-26-null-11) [c: s: r: x:n11core t:null-11] o.a.s.c.S.Request webapp=/solr path=/config/params params={wt=json&_=1710102013060} status=0 QTime=17
2024-03-10 20:20:13.164 INFO  (qtp693267461-21-null-12) [c: s: r: x: t:null-12] o.a.s.s.HttpSolrCall [admin] webapp=null path=/admin/info/system params={wt=json&_=1710102009071} status=0 QTime=52
2024-03-10 20:20:14.726 INFO  (qtp693267461-23-null-14) [c: s: r: x: t:null-14] o.a.s.s.HttpSolrCall [admin] webapp=null path=/admin/cores params={indexInfo=false&wt=json&_=1710102009070} status=0 QTime=1
2024-03-10 20:20:14.753 INFO  (qtp693267461-20-null-16) [c: s: r: x:n11core t:null-16] o.a.s.c.S.Request webapp=/solr path=/config/params params={wt=json&_=1710102013060} status=0 QTime=1
2024-03-10 20:20:14.791 INFO  (qtp693267461-26-null-15) [c: s: r: x: t:null-15] o.a.s.s.HttpSolrCall [admin] webapp=null path=/admin/info/system params={wt=json&_=1710102009071} status=0 QTime=53
2024-03-10 20:20:15.305 INFO  (qtp693267461-18-null-17) [c: s: r: x:n11core t:null-17] o.a.s.c.S.Request webapp=/solr path=/select params={q=*:*&indent=true&q.op=OR&useParams=&_=1710102013060} hits=1 status=0 QTime=530
2024-03-10 20:20:37.684 INFO  (qtp693267461-26-null-18) [c: s: r: x:n11core t:null-18] o.a.s.u.p.LogUpdateProcessorFactory webapp=/solr path=/update params={wt=javabin&version=2}{add=[2 (1793171953873321984)]} 0 548
2024-03-10 20:20:38.800 INFO  (searcherExecutor-13-thread-1-processing-n11core null-19) [c: s: r: x:n11core t:null-19] o.a.s.c.QuerySenderListener QuerySenderListener done.
2024-03-10 20:20:38.939 INFO  (searcherExecutor-13-thread-1-processing-n11core null-19) [c: s: r: x:n11core t:null-19] o.a.s.c.SolrCore Registered new searcher autowarm time: 44 ms
2024-03-10 20:20:39.070 INFO  (qtp693267461-21-null-19) [c: s: r: x:n11core t:null-19] o.a.s.u.p.LogUpdateProcessorFactory webapp=/solr path=/update params={waitSearcher=true&commit=true&softCommit=false&wt=javabin&version=2}{commit=} 0 1295
2024-03-10 20:20:43.956 INFO  (qtp693267461-27-null-20) [c: s: r: x: t:null-20] o.a.s.s.HttpSolrCall [admin] webapp=null path=/admin/cores params={indexInfo=false&wt=json&_=1710102009070} status=0 QTime=1
2024-03-10 20:20:43.969 INFO  (qtp693267461-18-null-21) [c: s: r: x:n11core t:null-21] o.a.s.c.S.Request webapp=/solr path=/config/params params={wt=json&_=1710102013060} status=0 QTime=1
2024-03-10 20:20:43.998 INFO  (qtp693267461-23-null-22) [c: s: r: x:n11core t:null-22] o.a.s.c.S.Request webapp=/solr path=/select params={q=*:*&indent=true&q.op=OR&useParams=&_=1710102013060} hits=2 status=0 QTime=8
2024-03-10 20:20:44.068 INFO  (qtp693267461-26-null-23) [c: s: r: x: t:null-23] o.a.s.s.HttpSolrCall [admin] webapp=null path=/admin/info/system params={wt=json&_=1710102009071} status=0 QTime=59
2024-03-10 22:12:03.297 INFO  (qtp693267461-18-null-25) [c: s: r: x: t:null-25] o.a.s.s.HttpSolrCall [admin] webapp=null path=/admin/cores params={indexInfo=false&wt=json&_=1710108720765} status=0 QTime=131
2024-03-10 22:12:03.963 INFO  (qtp693267461-55-null-24) [c: s: r: x: t:null-24] o.a.s.s.HttpSolrCall [admin] webapp=null path=/admin/info/system params={wt=json&_=1710108720766} status=0 QTime=818
2024-03-10 22:12:04.005 INFO  (qtp693267461-27-null-26) [c: s: r: x:n11core t:null-26] o.a.s.c.S.Request webapp=/solr path=/select params={q=*:*&indent=true&q.op=OR&useParams=&_=1710108720943} hits=2 status=0 QTime=860
2024-03-10 22:12:04.032 INFO  (qtp693267461-20-null-27) [c: s: r: x: t:null-27] o.a.s.s.HttpSolrCall [admin] webapp=null path=/admin/info/system params={wt=json&_=1710108720766} status=0 QTime=41
2024-03-10 22:12:04.072 INFO  (qtp693267461-23-null-28) [c: s: r: x:n11core t:null-28] o.a.s.c.S.Request webapp=/solr path=/select params={q=*:*&indent=true&q.op=OR&useParams=&_=1710108720943} hits=2 status=0 QTime=2
2024-03-10 22:12:04.846 INFO  (qtp693267461-21-null-29) [c: s: r: x:n11core t:null-29] o.a.s.c.S.Request webapp=/solr path=/config/params params={wt=json&_=1710108720943} status=0 QTime=9
2024-03-10 22:12:04.858 INFO  (qtp693267461-20-null-31) [c: s: r: x:n11core t:null-31] o.a.s.c.S.Request webapp=/solr path=/config/params params={wt=json&_=1710108720943} status=0 QTime=1
2024-03-10 22:12:04.859 INFO  (qtp693267461-19-null-30) [c: s: r: x: t:null-30] o.a.s.s.HttpSolrCall [admin] webapp=null path=/admin/cores params={indexInfo=false&wt=json&_=1710108720765} status=0 QTime=0
2024-03-12 19:14:07.375 INFO  (qtp693267461-58-null-32) [c: s: r: x:n11core t:null-32] o.a.s.c.S.Request webapp=/solr path=/select params={q=id:2&start=0&rows=1&wt=javabin&version=2} hits=1 status=0 QTime=1682
2024-03-12 19:14:08.339 INFO  (qtp693267461-20-null-33) [c: s: r: x:n11core t:null-33] o.a.s.c.S.Request webapp=/solr path=/select params={q=id:1&start=0&rows=1&wt=javabin&version=2} hits=1 status=0 QTime=13
2024-03-12 20:03:12.358 INFO  (qtp693267461-59-null-34) [c: s: r: x:n11core t:null-34] o.a.s.c.S.Request webapp=/solr path=/select params={q=id:2&start=0&rows=1&wt=javabin&version=2} hits=1 status=0 QTime=291
2024-03-12 20:03:12.857 INFO  (qtp693267461-52-null-35) [c: s: r: x:n11core t:null-35] o.a.s.c.S.Request webapp=/solr path=/select params={q=id:1&start=0&rows=1&wt=javabin&version=2} hits=1 status=0 QTime=4
2024-03-12 20:04:29.897 INFO  (qtp693267461-26-null-36) [c: s: r: x:n11core t:null-36] o.a.s.c.S.Request webapp=/solr path=/select params={q=id:2&start=0&rows=1&wt=javabin&version=2} hits=1 status=0 QTime=254
2024-03-12 20:04:30.111 INFO  (qtp693267461-52-null-37) [c: s: r: x:n11core t:null-37] o.a.s.c.S.Request webapp=/solr path=/select params={q=id:1&start=0&rows=1&wt=javabin&version=2} hits=1 status=0 QTime=3
2024-03-12 20:05:23.868 INFO  (qtp693267461-21-null-38) [c: s: r: x:n11core t:null-38] o.a.s.c.S.Request webapp=/solr path=/config/params params={wt=json&_=1710273922453} status=0 QTime=179
2024-03-12 20:05:23.872 INFO  (qtp693267461-55-null-41) [c: s: r: x: t:null-41] o.a.s.s.HttpSolrCall [admin] webapp=null path=/admin/cores params={indexInfo=false&wt=json&_=1710273922247} status=0 QTime=218
2024-03-12 20:05:23.962 INFO  (qtp693267461-18-null-40) [c: s: r: x:n11core t:null-40] o.a.s.c.S.Request webapp=/solr path=/select params={q=*:*&indent=true&q.op=OR&useParams=&_=1710273922453} hits=2 status=0 QTime=310
2024-03-12 20:05:24.576 INFO  (qtp693267461-59-null-39) [c: s: r: x: t:null-39] o.a.s.s.HttpSolrCall [admin] webapp=null path=/admin/info/system params={wt=json&_=1710273922249} status=0 QTime=926
2024-03-12 20:05:24.751 INFO  (qtp693267461-26-null-44) [c: s: r: x:n11core t:null-44] o.a.s.c.S.Request webapp=/solr path=/config/params params={wt=json&_=1710273922453} status=0 QTime=1
2024-03-12 20:05:24.751 INFO  (qtp693267461-20-null-42) [c: s: r: x: t:null-42] o.a.s.s.HttpSolrCall [admin] webapp=null path=/admin/cores params={indexInfo=false&wt=json&_=1710273922247} status=0 QTime=23
2024-03-12 20:05:24.752 INFO  (qtp693267461-19-null-45) [c: s: r: x:n11core t:null-45] o.a.s.c.S.Request webapp=/solr path=/select params={q=*:*&indent=true&q.op=OR&useParams=&_=1710273922453} hits=2 status=0 QTime=2
2024-03-12 20:05:24.894 INFO  (qtp693267461-52-null-43) [c: s: r: x: t:null-43] o.a.s.s.HttpSolrCall [admin] webapp=null path=/admin/info/system params={wt=json&_=1710273922249} status=0 QTime=154
2024-03-12 20:05:27.750 INFO  (qtp693267461-21-null-47) [c: s: r: x: t:null-47] o.a.s.s.HttpSolrCall [admin] webapp=null path=/admin/cores params={indexInfo=false&wt=json&_=1710273922247} status=0 QTime=0
2024-03-12 20:05:27.753 INFO  (qtp693267461-58-null-48) [c: s: r: x:n11core t:null-48] o.a.s.c.S.Request webapp=/solr path=/select params={q=*:*&indent=true&q.op=OR&useParams=&_=1710273922453} hits=2 status=0 QTime=1
2024-03-12 20:05:27.757 INFO  (qtp693267461-55-null-49) [c: s: r: x:n11core t:null-49] o.a.s.c.S.Request webapp=/solr path=/config/params params={wt=json&_=1710273922453} status=0 QTime=0
2024-03-12 20:05:27.954 INFO  (qtp693267461-18-null-46) [c: s: r: x: t:null-46] o.a.s.s.HttpSolrCall [admin] webapp=null path=/admin/info/system params={wt=json&_=1710273922249} status=0 QTime=204
2024-03-12 20:12:55.167 INFO  (qtp693267461-20-null-50) [c: s: r: x:n11core t:null-50] o.a.s.c.S.Request webapp=/solr path=/select params={q=id:2&start=0&rows=1&wt=javabin&version=2} hits=1 status=0 QTime=208
2024-03-12 20:12:55.665 INFO  (qtp693267461-21-null-51) [c: s: r: x:n11core t:null-51] o.a.s.c.S.Request webapp=/solr path=/select params={q=id:1&start=0&rows=1&wt=javabin&version=2} hits=1 status=0 QTime=7
2024-03-12 20:13:41.451 INFO  (qtp693267461-26-null-52) [c: s: r: x:n11core t:null-52] o.a.s.c.S.Request webapp=/solr path=/select params={q=id:2&start=0&rows=1&wt=javabin&version=2} hits=1 status=0 QTime=370
2024-03-12 20:13:41.945 INFO  (qtp693267461-21-null-53) [c: s: r: x:n11core t:null-53] o.a.s.c.S.Request webapp=/solr path=/select params={q=id:1&start=0&rows=1&wt=javabin&version=2} hits=1 status=0 QTime=5
2024-03-12 20:15:36.870 INFO  (qtp693267461-18-null-54) [c: s: r: x:n11core t:null-54] o.a.s.c.S.Request webapp=/solr path=/select params={q=id:2&start=0&rows=1&wt=javabin&version=2} hits=1 status=0 QTime=192
2024-03-12 20:15:37.030 INFO  (qtp693267461-18-null-55) [c: s: r: x:n11core t:null-55] o.a.s.c.S.Request webapp=/solr path=/select params={q=id:1&start=0&rows=1&wt=javabin&version=2} hits=1 status=0 QTime=23
2024-03-12 20:18:17.921 INFO  (qtp693267461-55-null-56) [c: s: r: x:n11core t:null-56] o.a.s.c.S.Request webapp=/solr path=/select params={q=id:2&start=0&rows=1&wt=javabin&version=2} hits=1 status=0 QTime=183
2024-03-12 20:18:18.381 INFO  (qtp693267461-26-null-57) [c: s: r: x:n11core t:null-57] o.a.s.c.S.Request webapp=/solr path=/select params={q=id:1&start=0&rows=1&wt=javabin&version=2} hits=1 status=0 QTime=6
2024-03-12 20:20:16.598 INFO  (qtp693267461-18-null-60) [c: s: r: x: t:null-60] o.a.s.s.HttpSolrCall [admin] webapp=null path=/admin/cores params={indexInfo=false&wt=json&_=1710274814832} status=0 QTime=72
2024-03-12 20:20:16.598 INFO  (qtp693267461-58-null-61) [c: s: r: x:n11core t:null-61] o.a.s.c.S.Request webapp=/solr path=/config/params params={wt=json&_=1710274815078} status=0 QTime=72
2024-03-12 20:20:16.671 INFO  (qtp693267461-26-null-58) [c: s: r: x:n11core t:null-58] o.a.s.c.S.Request webapp=/solr path=/select params={q=*:*&indent=true&q.op=OR&useParams=&_=1710274815077} hits=2 status=0 QTime=159
2024-03-12 20:20:17.479 INFO  (qtp693267461-19-null-63) [c: s: r: x:n11core t:null-63] o.a.s.c.S.Request webapp=/solr path=/config/params params={wt=json&_=1710274815078} status=0 QTime=180
2024-03-12 20:20:17.542 INFO  (qtp693267461-60-null-62) [c: s: r: x:n11core t:null-62] o.a.s.c.S.Request webapp=/solr path=/select params={q=*:*&indent=true&q.op=OR&useParams=&_=1710274815077} hits=2 status=0 QTime=285
2024-03-12 20:20:17.563 INFO  (qtp693267461-20-null-64) [c: s: r: x: t:null-64] o.a.s.s.HttpSolrCall [admin] webapp=null path=/admin/cores params={indexInfo=false&wt=json&_=1710274814832} status=0 QTime=4
2024-03-12 20:20:17.717 INFO  (qtp693267461-21-null-59) [c: s: r: x: t:null-59] o.a.s.s.HttpSolrCall [admin] webapp=null path=/admin/info/system params={wt=json&_=1710274814834} status=0 QTime=1207
2024-03-12 20:20:17.885 INFO  (qtp693267461-26-null-65) [c: s: r: x: t:null-65] o.a.s.s.HttpSolrCall [admin] webapp=null path=/admin/info/system params={wt=json&_=1710274814834} status=0 QTime=136
2024-03-12 20:28:47.598 INFO  (qtp693267461-64-null-66) [c: s: r: x:n11core t:null-66] o.a.s.c.S.Request webapp=/solr path=/select params={q=id:2&start=0&rows=1&wt=javabin&version=2} hits=1 status=0 QTime=211
2024-03-12 20:28:48.118 INFO  (qtp693267461-19-null-67) [c: s: r: x:n11core t:null-67] o.a.s.c.S.Request webapp=/solr path=/select params={q=id:1&start=0&rows=1&wt=javabin&version=2} hits=1 status=0 QTime=5
2024-03-12 20:29:39.331 INFO  (qtp693267461-21-null-68) [c: s: r: x:n11core t:null-68] o.a.s.c.S.Request webapp=/solr path=/select params={q=id:2&start=0&rows=1&wt=javabin&version=2} hits=1 status=0 QTime=1052
2024-03-12 20:29:39.523 INFO  (qtp693267461-21-null-69) [c: s: r: x:n11core t:null-69] o.a.s.c.S.Request webapp=/solr path=/select params={q=id:1&start=0&rows=1&wt=javabin&version=2} hits=1 status=0 QTime=2
2024-03-12 20:31:26.393 INFO  (qtp693267461-60-null-70) [c: s: r: x:n11core t:null-70] o.a.s.c.S.Request webapp=/solr path=/select params={q=id:2&start=0&rows=1&wt=javabin&version=2} hits=1 status=0 QTime=204
2024-03-12 20:31:26.925 INFO  (qtp693267461-19-null-71) [c: s: r: x:n11core t:null-71] o.a.s.c.S.Request webapp=/solr path=/select params={q=id:1&start=0&rows=1&wt=javabin&version=2} hits=1 status=0 QTime=2
2024-03-12 20:34:01.841 INFO  (qtp693267461-20-null-72) [c: s: r: x:n11core t:null-72] o.a.s.c.S.Request webapp=/solr path=/select params={q=id:2&start=0&rows=1&wt=javabin&version=2} hits=1 status=0 QTime=281
2024-03-12 20:34:02.364 INFO  (qtp693267461-60-null-73) [c: s: r: x:n11core t:null-73] o.a.s.c.S.Request webapp=/solr path=/select params={q=id:1&start=0&rows=1&wt=javabin&version=2} hits=1 status=0 QTime=3
2024-03-12 20:35:34.145 INFO  (qtp693267461-26-null-74) [c: s: r: x:n11core t:null-74] o.a.s.c.S.Request webapp=/solr path=/select params={q=id:2&start=0&rows=1&wt=javabin&version=2} hits=1 status=0 QTime=186
2024-03-12 20:35:34.292 INFO  (qtp693267461-20-null-75) [c: s: r: x:n11core t:null-75] o.a.s.c.S.Request webapp=/solr path=/select params={q=id:1&start=0&rows=1&wt=javabin&version=2} hits=1 status=0 QTime=6
2024-03-12 20:39:19.284 INFO  (qtp693267461-26-null-76) [c: s: r: x:n11core t:null-76] o.a.s.c.S.Request webapp=/solr path=/select params={q=id:2&start=0&rows=1&wt=javabin&version=2} hits=1 status=0 QTime=270
2024-03-12 20:39:19.573 INFO  (qtp693267461-21-null-77) [c: s: r: x:n11core t:null-77] o.a.s.c.S.Request webapp=/solr path=/select params={q=id:1&start=0&rows=1&wt=javabin&version=2} hits=1 status=0 QTime=11
2024-03-12 20:49:53.227 INFO  (qtp693267461-58-null-78) [c: s: r: x:n11core t:null-78] o.a.s.c.S.Request webapp=/solr path=/select params={q=id:2&start=0&rows=1&wt=javabin&version=2} hits=1 status=0 QTime=240
2024-03-12 20:49:53.810 INFO  (qtp693267461-19-null-79) [c: s: r: x:n11core t:null-79] o.a.s.c.S.Request webapp=/solr path=/select params={q=id:1&start=0&rows=1&wt=javabin&version=2} hits=1 status=0 QTime=3
2024-03-12 20:53:35.134 INFO  (qtp693267461-65-null-80) [c: s: r: x:n11core t:null-80] o.a.s.c.S.Request webapp=/solr path=/select params={q=id:2&start=0&rows=1&wt=javabin&version=2} hits=1 status=0 QTime=248
2024-03-12 20:53:35.334 INFO  (qtp693267461-60-null-81) [c: s: r: x:n11core t:null-81] o.a.s.c.S.Request webapp=/solr path=/select params={q=id:1&start=0&rows=1&wt=javabin&version=2} hits=1 status=0 QTime=11
2024-03-12 20:56:55.897 INFO  (qtp693267461-20-null-82) [c: s: r: x:n11core t:null-82] o.a.s.c.S.Request webapp=/solr path=/select params={q=id:2&start=0&rows=1&wt=javabin&version=2} hits=1 status=0 QTime=288
2024-03-12 20:56:56.103 INFO  (qtp693267461-58-null-83) [c: s: r: x:n11core t:null-83] o.a.s.c.S.Request webapp=/solr path=/select params={q=id:1&start=0&rows=1&wt=javabin&version=2} hits=1 status=0 QTime=7
2024-03-12 21:04:29.900 INFO  (qtp693267461-55-null-84) [c: s: r: x:n11core t:null-84] o.a.s.c.S.Request webapp=/solr path=/select params={q=id:2&start=0&rows=1&wt=javabin&version=2} hits=1 status=0 QTime=205
2024-03-12 21:04:30.066 INFO  (qtp693267461-21-null-85) [c: s: r: x:n11core t:null-85] o.a.s.c.S.Request webapp=/solr path=/select params={q=id:1&start=0&rows=1&wt=javabin&version=2} hits=1 status=0 QTime=3
2024-03-12 21:32:39.928 INFO  (qtp693267461-20-null-86) [c: s: r: x:n11core t:null-86] o.a.s.c.S.Request webapp=/solr path=/select params={q=id:2&start=0&rows=1&wt=javabin&version=2} hits=1 status=0 QTime=232
2024-03-12 21:32:40.388 INFO  (qtp693267461-19-null-87) [c: s: r: x:n11core t:null-87] o.a.s.c.S.Request webapp=/solr path=/select params={q=id:1&start=0&rows=1&wt=javabin&version=2} hits=1 status=0 QTime=4
2024-03-12 21:37:08.927 INFO  (qtp693267461-26-null-88) [c: s: r: x:n11core t:null-88] o.a.s.c.S.Request webapp=/solr path=/select params={q=id:2&start=0&rows=1&wt=javabin&version=2} hits=1 status=0 QTime=493
2024-03-12 21:37:09.243 INFO  (qtp693267461-60-null-89) [c: s: r: x:n11core t:null-89] o.a.s.c.S.Request webapp=/solr path=/select params={q=id:1&start=0&rows=1&wt=javabin&version=2} hits=1 status=0 QTime=3
2024-03-12 21:50:10.475 INFO  (qtp693267461-20-null-90) [c: s: r: x:n11core t:null-90] o.a.s.c.S.Request webapp=/solr path=/select params={q=id:2&start=0&rows=1&wt=javabin&version=2} hits=1 status=0 QTime=227
2024-03-12 21:50:10.651 INFO  (qtp693267461-58-null-91) [c: s: r: x:n11core t:null-91] o.a.s.c.S.Request webapp=/solr path=/select params={q=id:1&start=0&rows=1&wt=javabin&version=2} hits=1 status=0 QTime=3
2024-03-12 22:26:53.408 INFO  (qtp693267461-65-null-92) [c: s: r: x:n11core t:null-92] o.a.s.c.S.Request webapp=/solr path=/select params={q=id:2&start=0&rows=1&wt=javabin&version=2} hits=1 status=0 QTime=177
2024-03-12 22:26:53.745 INFO  (qtp693267461-21-null-93) [c: s: r: x:n11core t:null-93] o.a.s.c.S.Request webapp=/solr path=/select params={q=id:1&start=0&rows=1&wt=javabin&version=2} hits=1 status=0 QTime=4
2024-03-12 22:26:53.774 INFO  (qtp693267461-55-null-94) [c: s: r: x:n11core t:null-94] o.a.s.c.S.Request webapp=/solr path=/select params={q=id:2&start=0&rows=1&wt=javabin&version=2} hits=1 status=0 QTime=2
2024-03-12 22:26:53.795 INFO  (qtp693267461-21-null-95) [c: s: r: x:n11core t:null-95] o.a.s.c.S.Request webapp=/solr path=/select params={q=id:1&start=0&rows=1&wt=javabin&version=2} hits=1 status=0 QTime=1
2024-03-12 22:28:51.068 INFO  (qtp693267461-19-null-96) [c: s: r: x:n11core t:null-96] o.a.s.c.S.Request webapp=/solr path=/select params={q=id:2&start=0&rows=1&wt=javabin&version=2} hits=1 status=0 QTime=257
2024-03-12 22:28:51.308 INFO  (qtp693267461-55-null-97) [c: s: r: x:n11core t:null-97] o.a.s.c.S.Request webapp=/solr path=/select params={q=id:1&start=0&rows=1&wt=javabin&version=2} hits=1 status=0 QTime=2
2024-03-12 22:28:51.339 INFO  (qtp693267461-19-null-98) [c: s: r: x:n11core t:null-98] o.a.s.c.S.Request webapp=/solr path=/select params={q=id:2&start=0&rows=1&wt=javabin&version=2} hits=1 status=0 QTime=2
2024-03-12 22:28:51.374 INFO  (qtp693267461-55-null-99) [c: s: r: x:n11core t:null-99] o.a.s.c.S.Request webapp=/solr path=/select params={q=id:1&start=0&rows=1&wt=javabin&version=2} hits=1 status=0 QTime=18
2024-03-12 22:34:16.694 INFO  (qtp693267461-65-null-100) [c: s: r: x:n11core t:null-100] o.a.s.c.S.Request webapp=/solr path=/select params={q=id:2&start=0&rows=1&wt=javabin&version=2} hits=1 status=0 QTime=464
2024-03-12 22:34:17.312 INFO  (qtp693267461-60-null-101) [c: s: r: x:n11core t:null-101] o.a.s.c.S.Request webapp=/solr path=/select params={q=id:1&start=0&rows=1&wt=javabin&version=2} hits=1 status=0 QTime=21
2024-03-12 22:34:17.338 INFO  (qtp693267461-19-null-102) [c: s: r: x:n11core t:null-102] o.a.s.c.S.Request webapp=/solr path=/select params={q=id:2&start=0&rows=1&wt=javabin&version=2} hits=1 status=0 QTime=4
2024-03-12 22:34:17.361 INFO  (qtp693267461-60-null-103) [c: s: r: x:n11core t:null-103] o.a.s.c.S.Request webapp=/solr path=/select params={q=id:1&start=0&rows=1&wt=javabin&version=2} hits=1 status=0 QTime=4
2024-03-12 22:46:08.112 INFO  (qtp693267461-64-null-104) [c: s: r: x:n11core t:null-104] o.a.s.c.S.Request webapp=/solr path=/select params={q=id:2&start=0&rows=1&wt=javabin&version=2} hits=1 status=0 QTime=212
2024-03-12 22:46:08.448 INFO  (qtp693267461-58-null-105) [c: s: r: x:n11core t:null-105] o.a.s.c.S.Request webapp=/solr path=/select params={q=id:1&start=0&rows=1&wt=javabin&version=2} hits=1 status=0 QTime=2
2024-03-12 22:57:37.704 INFO  (qtp693267461-26-null-106) [c: s: r: x:n11core t:null-106] o.a.s.c.S.Request webapp=/solr path=/select params={q=id:2&start=0&rows=1&wt=javabin&version=2} hits=1 status=0 QTime=373
2024-03-12 22:57:38.204 INFO  (qtp693267461-21-null-107) [c: s: r: x:n11core t:null-107] o.a.s.c.S.Request webapp=/solr path=/select params={q=id:1&start=0&rows=1&wt=javabin&version=2} hits=1 status=0 QTime=9
2024-03-13 18:10:06.796 INFO  (qtp693267461-20-null-110) [c: s: r: x: t:null-110] o.a.s.s.HttpSolrCall [admin] webapp=null path=/admin/cores params={indexInfo=false&wt=json&_=1710353406146} status=0 QTime=193
2024-03-13 18:10:07.255 INFO  (qtp693267461-64-null-109) [c: s: r: x: t:null-109] o.a.s.s.HttpSolrCall [admin] webapp=null path=/admin/info/system params={wt=json&_=1710353406149} status=0 QTime=684
2024-03-13 18:10:07.369 INFO  (qtp693267461-69-null-111) [c: s: r: x: t:null-111] o.a.s.s.HttpSolrCall [admin] webapp=null path=/admin/info/system params={wt=json&_=1710353406149} status=0 QTime=84
2024-03-13 18:10:09.080 INFO  (qtp693267461-69-null-113) [c: s: r: x: t:null-113] o.a.s.s.HttpSolrCall [admin] webapp=null path=/admin/cores params={indexInfo=false&wt=json&_=1710353406146} status=0 QTime=0
2024-03-13 18:10:09.142 INFO  (qtp693267461-19-null-117) [c: s: r: x:n11core t:null-117] o.a.s.c.S.Request webapp=/solr path=/admin/ping params={action=status&wt=json&_=1710353406149&ts=1710353406149} status=503 QTime=43
2024-03-13 18:10:09.207 INFO  (qtp693267461-20-null-116) [c: s: r: x: t:null-116] o.a.s.s.HttpSolrCall [admin] webapp=null path=/admin/info/system params={wt=json&_=1710353406149} status=0 QTime=114
2024-03-13 18:10:09.229 INFO  (qtp693267461-60-null-115) [c: s: r: x:n11core t:null-115] o.a.s.c.S.Request webapp=/solr path=/admin/system params={wt=json&_=1710353409040} status=0 QTime=141
2024-03-13 18:10:09.236 INFO  (qtp693267461-58-null-112) [c: s: r: x:n11core t:null-112] o.a.s.c.S.Request webapp=/solr path=/admin/luke params={numTerms=0&show=index&wt=json&_=1710353409040} status=0 QTime=158
2024-03-13 18:10:09.323 INFO  (qtp693267461-21-null-114) [c: s: r: x:n11core t:null-114] o.a.s.c.S.Request webapp=/solr path=/replication params={wt=json&command=details&_=1710353409040} status=0 QTime=237
2024-03-13 18:10:11.443 INFO  (qtp693267461-26-null-118) [c: s: r: x: t:null-118] o.a.s.s.HttpSolrCall [admin] webapp=null path=/admin/cores params={indexInfo=false&wt=json&_=1710353406146} status=0 QTime=0
2024-03-13 18:10:11.452 INFO  (qtp693267461-55-null-120) [c: s: r: x:n11core t:null-120] o.a.s.c.S.Request webapp=/solr path=/config/params params={wt=json&_=1710353411396} status=0 QTime=8
2024-03-13 18:10:11.501 INFO  (qtp693267461-21-null-119) [c: s: r: x: t:null-119] o.a.s.s.HttpSolrCall [admin] webapp=null path=/admin/info/system params={wt=json&_=1710353406149} status=0 QTime=58
2024-03-13 18:10:13.575 INFO  (qtp693267461-26-null-123) [c: s: r: x:n11core t:null-123] o.a.s.c.S.Request webapp=/solr path=/config/params params={wt=json&_=1710353411396} status=0 QTime=0
2024-03-13 18:10:13.575 INFO  (qtp693267461-55-null-121) [c: s: r: x: t:null-121] o.a.s.s.HttpSolrCall [admin] webapp=null path=/admin/cores params={indexInfo=false&wt=json&_=1710353406146} status=0 QTime=0
2024-03-13 18:10:13.606 INFO  (qtp693267461-21-null-124) [c: s: r: x: t:null-124] o.a.s.s.HttpSolrCall [admin] webapp=null path=/admin/info/system params={wt=json&_=1710353406149} status=0 QTime=31
2024-03-13 18:10:13.644 INFO  (qtp693267461-20-null-122) [c: s: r: x:n11core t:null-122] o.a.s.c.S.Request webapp=/solr path=/select params={q=*:*&indent=true&q.op=OR&useParams=&_=1710353411396} hits=2 status=0 QTime=69
2024-03-13 18:15:35.309 INFO  (qtp693267461-72-null-125) [c: s: r: x:n11core t:null-125] o.a.s.u.p.LogUpdateProcessorFactory webapp=/solr path=/update params={wt=javabin&version=2}{add=[3 (1793435877884559360)]} 0 680
2024-03-13 18:15:36.259 INFO  (searcherExecutor-13-thread-1-processing-n11core null-126) [c: s: r: x:n11core t:null-126] o.a.s.c.QuerySenderListener QuerySenderListener done.
2024-03-13 18:15:36.600 INFO  (searcherExecutor-13-thread-1-processing-n11core null-126) [c: s: r: x:n11core t:null-126] o.a.s.c.SolrCore Registered new searcher autowarm time: 26 ms
2024-03-13 18:15:36.700 INFO  (qtp693267461-19-null-126) [c: s: r: x:n11core t:null-126] o.a.s.u.p.LogUpdateProcessorFactory webapp=/solr path=/update params={waitSearcher=true&commit=true&softCommit=false&wt=javabin&version=2}{commit=} 0 1265
2024-03-13 18:18:44.578 INFO  (qtp693267461-55-null-127) [c: s: r: x:n11core t:null-127] o.a.s.u.p.LogUpdateProcessorFactory webapp=/solr path=/update params={wt=javabin&version=2}{add=[4 (1793436076553011200)]} 0 406
2024-03-13 18:18:45.342 INFO  (searcherExecutor-13-thread-1-processing-n11core null-128) [c: s: r: x:n11core t:null-128] o.a.s.c.QuerySenderListener QuerySenderListener done.
2024-03-13 18:18:45.399 INFO  (searcherExecutor-13-thread-1-processing-n11core null-128) [c: s: r: x:n11core t:null-128] o.a.s.c.SolrCore Registered new searcher autowarm time: 9 ms
2024-03-13 18:18:45.428 INFO  (qtp693267461-55-null-128) [c: s: r: x:n11core t:null-128] o.a.s.u.p.LogUpdateProcessorFactory webapp=/solr path=/update params={waitSearcher=true&commit=true&softCommit=false&wt=javabin&version=2}{commit=} 0 780
2024-03-13 18:18:51.141 INFO  (qtp693267461-26-null-130) [c: s: r: x: t:null-130] o.a.s.s.HttpSolrCall [admin] webapp=null path=/admin/cores params={indexInfo=false&wt=json&_=1710353406146} status=0 QTime=5
2024-03-13 18:18:51.181 INFO  (qtp693267461-65-null-132) [c: s: r: x:n11core t:null-132] o.a.s.c.S.Request webapp=/solr path=/config/params params={wt=json&_=1710353411396} status=0 QTime=6
2024-03-13 18:18:51.212 INFO  (qtp693267461-19-null-131) [c: s: r: x:n11core t:null-131] o.a.s.c.S.Request webapp=/solr path=/select params={q=*:*&indent=true&q.op=OR&useParams=&_=1710353411396} hits=4 status=0 QTime=54
2024-03-13 18:18:51.319 INFO  (qtp693267461-69-null-129) [c: s: r: x: t:null-129] o.a.s.s.HttpSolrCall [admin] webapp=null path=/admin/info/system params={wt=json&_=1710353406149} status=0 QTime=209
2024-03-13 18:20:46.245 INFO  (qtp693267461-26-null-133) [c: s: r: x:n11core t:null-133] o.a.s.c.S.Request webapp=/solr path=/select params={q=id:3&start=0&rows=1&wt=javabin&version=2} hits=1 status=0 QTime=236
2024-03-13 18:20:46.514 INFO  (qtp693267461-69-null-134) [c: s: r: x:n11core t:null-134] o.a.s.c.S.Request webapp=/solr path=/select params={q=id:4&start=0&rows=1&wt=javabin&version=2} hits=1 status=0 QTime=4
2024-03-13 18:20:46.529 INFO  (qtp693267461-26-null-135) [c: s: r: x:n11core t:null-135] o.a.s.c.S.Request webapp=/solr path=/select params={q=id:2&start=0&rows=1&wt=javabin&version=2} hits=1 status=0 QTime=2
2024-03-13 18:20:46.537 INFO  (qtp693267461-69-null-136) [c: s: r: x:n11core t:null-136] o.a.s.c.S.Request webapp=/solr path=/select params={q=id:1&start=0&rows=1&wt=javabin&version=2} hits=1 status=0 QTime=1
2024-03-13 18:21:15.544 INFO  (qtp693267461-26-null-137) [c: s: r: x:n11core t:null-137] o.a.s.c.S.Request webapp=/solr path=/select params={q=id:3&start=0&rows=1&wt=javabin&version=2} hits=1 status=0 QTime=13
2024-03-13 18:21:15.563 INFO  (qtp693267461-69-null-138) [c: s: r: x:n11core t:null-138] o.a.s.c.S.Request webapp=/solr path=/select params={q=id:4&start=0&rows=1&wt=javabin&version=2} hits=1 status=0 QTime=1
2024-03-13 18:21:15.577 INFO  (qtp693267461-26-null-139) [c: s: r: x:n11core t:null-139] o.a.s.c.S.Request webapp=/solr path=/select params={q=id:2&start=0&rows=1&wt=javabin&version=2} hits=1 status=0 QTime=2
2024-03-13 18:21:15.590 INFO  (qtp693267461-69-null-140) [c: s: r: x:n11core t:null-140] o.a.s.c.S.Request webapp=/solr path=/select params={q=id:1&start=0&rows=1&wt=javabin&version=2} hits=1 status=0 QTime=1
2024-03-13 18:22:09.780 INFO  (qtp693267461-26-null-141) [c: s: r: x:n11core t:null-141] o.a.s.c.S.Request webapp=/solr path=/select params={q=id:3&start=0&rows=1&wt=javabin&version=2} hits=1 status=0 QTime=84
2024-03-13 18:22:09.877 INFO  (qtp693267461-69-null-142) [c: s: r: x:n11core t:null-142] o.a.s.c.S.Request webapp=/solr path=/select params={q=id:4&start=0&rows=1&wt=javabin&version=2} hits=1 status=0 QTime=1
2024-03-13 18:22:09.904 INFO  (qtp693267461-26-null-143) [c: s: r: x:n11core t:null-143] o.a.s.c.S.Request webapp=/solr path=/select params={q=id:2&start=0&rows=1&wt=javabin&version=2} hits=1 status=0 QTime=1
2024-03-13 18:22:09.922 INFO  (qtp693267461-69-null-144) [c: s: r: x:n11core t:null-144] o.a.s.c.S.Request webapp=/solr path=/select params={q=id:1&start=0&rows=1&wt=javabin&version=2} hits=1 status=0 QTime=1
2024-03-13 18:27:58.059 INFO  (qtp693267461-70-null-145) [c: s: r: x:n11core t:null-145] o.a.s.c.S.Request webapp=/solr path=/select params={q=id:3&start=0&rows=1&wt=javabin&version=2} hits=1 status=0 QTime=204
2024-03-13 18:27:58.210 INFO  (qtp693267461-70-null-146) [c: s: r: x:n11core t:null-146] o.a.s.c.S.Request webapp=/solr path=/select params={q=id:4&start=0&rows=1&wt=javabin&version=2} hits=1 status=0 QTime=3
2024-03-13 18:27:58.229 INFO  (qtp693267461-19-null-147) [c: s: r: x:n11core t:null-147] o.a.s.c.S.Request webapp=/solr path=/select params={q=id:2&start=0&rows=1&wt=javabin&version=2} hits=1 status=0 QTime=2
2024-03-13 18:27:58.293 INFO  (qtp693267461-71-null-148) [c: s: r: x:n11core t:null-148] o.a.s.c.S.Request webapp=/solr path=/select params={q=id:1&start=0&rows=1&wt=javabin&version=2} hits=1 status=0 QTime=2
2024-03-13 18:31:33.183 INFO  (qtp693267461-76-null-149) [c: s: r: x:n11core t:null-149] o.a.s.c.S.Request webapp=/solr path=/config/params params={wt=json&_=1710353411396} status=0 QTime=55
2024-03-13 18:31:33.183 INFO  (qtp693267461-70-null-150) [c: s: r: x: t:null-150] o.a.s.s.HttpSolrCall [admin] webapp=null path=/admin/cores params={indexInfo=false&wt=json&_=1710353406146} status=0 QTime=61
2024-03-13 18:31:33.233 INFO  (qtp693267461-55-null-152) [c: s: r: x:n11core t:null-152] o.a.s.c.S.Request webapp=/solr path=/select params={q=*:*&indent=true&q.op=OR&useParams=&_=1710353411396} hits=4 status=0 QTime=124
2024-03-13 18:31:33.526 INFO  (qtp693267461-71-null-151) [c: s: r: x: t:null-151] o.a.s.s.HttpSolrCall [admin] webapp=null path=/admin/info/system params={wt=json&_=1710353406149} status=0 QTime=418
2024-03-13 18:35:05.169 INFO  (qtp693267461-65-null-153) [c: s: r: x:n11core t:null-153] o.a.s.c.S.Request webapp=/solr path=/select params={q=id:3&start=0&rows=1&wt=javabin&version=2} hits=1 status=0 QTime=263
2024-03-13 18:35:05.551 INFO  (qtp693267461-75-null-154) [c: s: r: x:n11core t:null-154] o.a.s.c.S.Request webapp=/solr path=/select params={q=id:4&start=0&rows=1&wt=javabin&version=2} hits=1 status=0 QTime=7
2024-03-13 18:35:05.616 INFO  (qtp693267461-75-null-155) [c: s: r: x:n11core t:null-155] o.a.s.c.S.Request webapp=/solr path=/select params={q=id:2&start=0&rows=1&wt=javabin&version=2} hits=1 status=0 QTime=3
2024-03-13 18:35:05.659 INFO  (qtp693267461-76-null-156) [c: s: r: x:n11core t:null-156] o.a.s.c.S.Request webapp=/solr path=/select params={q=id:1&start=0&rows=1&wt=javabin&version=2} hits=1 status=0 QTime=19
2024-03-13 20:03:19.827 INFO  (qtp693267461-80-null-160) [c: s: r: x: t:null-160] o.a.s.s.HttpSolrCall [admin] webapp=null path=/admin/cores params={indexInfo=false&wt=json&_=1710360198358} status=0 QTime=85
2024-03-13 20:03:19.827 INFO  (qtp693267461-70-null-158) [c: s: r: x:n11core t:null-158] o.a.s.c.S.Request webapp=/solr path=/config/params params={wt=json&_=1710360198561} status=0 QTime=83
2024-03-13 20:03:19.888 INFO  (qtp693267461-79-null-159) [c: s: r: x:n11core t:null-159] o.a.s.c.S.Request webapp=/solr path=/select params={q=*:*&indent=true&q.op=OR&useParams=&_=1710360198561} hits=4 status=0 QTime=166
2024-03-13 20:03:20.230 INFO  (qtp693267461-65-null-157) [c: s: r: x: t:null-157] o.a.s.s.HttpSolrCall [admin] webapp=null path=/admin/info/system params={wt=json&_=1710360198359} status=0 QTime=510
2024-03-13 20:11:54.064 INFO  (qtp693267461-76-null-161) [c: s: r: x:n11core t:null-161] o.a.s.c.S.Request webapp=/solr path=/select params={q=id:3&start=0&rows=1&wt=javabin&version=2} hits=1 status=0 QTime=274
2024-03-13 20:11:55.130 INFO  (qtp693267461-75-null-162) [c: s: r: x:n11core t:null-162] o.a.s.u.p.LogUpdateProcessorFactory webapp=/solr path=/update params={wt=javabin&version=2}{add=[3 (1793443196715401216)]} 0 614
2024-03-13 20:11:56.782 INFO  (searcherExecutor-13-thread-1-processing-n11core null-163) [c: s: r: x:n11core t:null-163] o.a.s.c.QuerySenderListener QuerySenderListener done.
2024-03-13 20:11:56.960 INFO  (searcherExecutor-13-thread-1-processing-n11core null-163) [c: s: r: x:n11core t:null-163] o.a.s.c.SolrCore Registered new searcher autowarm time: 21 ms
2024-03-13 20:11:57.320 INFO  (qtp693267461-80-null-163) [c: s: r: x:n11core t:null-163] o.a.s.u.p.LogUpdateProcessorFactory webapp=/solr path=/update params={waitSearcher=true&commit=true&softCommit=false&wt=javabin&version=2}{commit=} 0 2163
2024-03-13 20:12:08.811 INFO  (qtp693267461-77-null-164) [c: s: r: x: t:null-164] o.a.s.s.HttpSolrCall [admin] webapp=null path=/admin/cores params={indexInfo=false&wt=json&_=1710360198358} status=0 QTime=18
2024-03-13 20:12:08.816 INFO  (qtp693267461-69-null-165) [c: s: r: x:n11core t:null-165] o.a.s.c.S.Request webapp=/solr path=/config/params params={wt=json&_=1710360198561} status=0 QTime=10
2024-03-13 20:12:08.864 INFO  (qtp693267461-75-null-167) [c: s: r: x:n11core t:null-167] o.a.s.c.S.Request webapp=/solr path=/select params={q=*:*&indent=true&q.op=OR&useParams=&_=1710360198561} hits=4 status=0 QTime=8
2024-03-13 20:12:09.051 INFO  (qtp693267461-78-null-166) [c: s: r: x: t:null-166] o.a.s.s.HttpSolrCall [admin] webapp=null path=/admin/info/system params={wt=json&_=1710360198359} status=0 QTime=208
2024-03-13 20:13:42.680 INFO  (qtp693267461-78-null-168) [c: s: r: x:n11core t:null-168] o.a.s.c.S.Request webapp=/solr path=/select params={q=id:3&start=0&rows=1&wt=javabin&version=2} hits=1 status=0 QTime=330
2024-03-13 20:13:42.842 INFO  (qtp693267461-75-null-169) [c: s: r: x:n11core t:null-169] o.a.s.c.S.Request webapp=/solr path=/select params={q=id:4&start=0&rows=1&wt=javabin&version=2} hits=1 status=0 QTime=4
2024-03-13 20:13:42.900 INFO  (qtp693267461-78-null-170) [c: s: r: x:n11core t:null-170] o.a.s.c.S.Request webapp=/solr path=/select params={q=id:2&start=0&rows=1&wt=javabin&version=2} hits=1 status=0 QTime=7
2024-03-13 20:13:42.940 INFO  (qtp693267461-75-null-171) [c: s: r: x:n11core t:null-171] o.a.s.c.S.Request webapp=/solr path=/select params={q=id:1&start=0&rows=1&wt=javabin&version=2} hits=1 status=0 QTime=5
2024-03-13 20:14:50.086 INFO  (qtp693267461-78-null-172) [c: s: r: x:n11core t:null-172] o.a.s.c.S.Request webapp=/solr path=/select params={q=id:3&start=0&rows=1&wt=javabin&version=2} hits=1 status=0 QTime=125
2024-03-13 20:14:50.205 INFO  (qtp693267461-78-null-173) [c: s: r: x:n11core t:null-173] o.a.s.c.S.Request webapp=/solr path=/select params={q=id:4&start=0&rows=1&wt=javabin&version=2} hits=1 status=0 QTime=4
2024-03-13 20:14:50.241 INFO  (qtp693267461-75-null-174) [c: s: r: x:n11core t:null-174] o.a.s.c.S.Request webapp=/solr path=/select params={q=id:2&start=0&rows=1&wt=javabin&version=2} hits=1 status=0 QTime=4
2024-03-13 20:14:50.262 INFO  (qtp693267461-78-null-175) [c: s: r: x:n11core t:null-175] o.a.s.c.S.Request webapp=/solr path=/select params={q=id:1&start=0&rows=1&wt=javabin&version=2} hits=1 status=0 QTime=3
2024-03-13 20:16:32.394 INFO  (qtp693267461-77-null-176) [c: s: r: x:n11core t:null-176] o.a.s.c.S.Request webapp=/solr path=/select params={q=id:3&start=0&rows=1&wt=javabin&version=2} hits=1 status=0 QTime=147
2024-03-13 20:16:34.017 INFO  (qtp693267461-77-null-177) [c: s: r: x:n11core t:null-177] o.a.s.u.p.LogUpdateProcessorFactory webapp=/solr path=/update params={wt=javabin&version=2}{add=[3 (1793443488205897728)]} 0 1492
2024-03-13 20:16:35.444 INFO  (searcherExecutor-13-thread-1-processing-n11core null-178) [c: s: r: x:n11core t:null-178] o.a.s.c.QuerySenderListener QuerySenderListener done.
2024-03-13 20:16:35.554 INFO  (searcherExecutor-13-thread-1-processing-n11core null-178) [c: s: r: x:n11core t:null-178] o.a.s.c.SolrCore Registered new searcher autowarm time: 5 ms
2024-03-13 20:16:35.777 INFO  (qtp693267461-75-null-178) [c: s: r: x:n11core t:null-178] o.a.s.u.p.LogUpdateProcessorFactory webapp=/solr path=/update params={waitSearcher=true&commit=true&softCommit=false&wt=javabin&version=2}{commit=} 0 1748
2024-03-13 20:16:43.352 INFO  (qtp693267461-71-null-180) [c: s: r: x: t:null-180] o.a.s.s.HttpSolrCall [admin] webapp=null path=/admin/cores params={indexInfo=false&wt=json&_=1710360198358} status=0 QTime=3
2024-03-13 20:16:43.378 INFO  (qtp693267461-78-null-181) [c: s: r: x:n11core t:null-181] o.a.s.c.S.Request webapp=/solr path=/select params={q=*:*&indent=true&q.op=OR&useParams=&_=1710360198561} hits=4 status=0 QTime=6
2024-03-13 20:16:43.388 INFO  (qtp693267461-77-null-182) [c: s: r: x:n11core t:null-182] o.a.s.c.S.Request webapp=/solr path=/config/params params={wt=json&_=1710360198561} status=0 QTime=2
2024-03-13 20:16:43.479 INFO  (qtp693267461-69-null-179) [c: s: r: x: t:null-179] o.a.s.s.HttpSolrCall [admin] webapp=null path=/admin/info/system params={wt=json&_=1710360198359} status=0 QTime=156
2024-03-13 20:16:57.940 INFO  (qtp693267461-71-null-183) [c: s: r: x:n11core t:null-183] o.a.s.c.S.Request webapp=/solr path=/select params={q=id:3&start=0&rows=1&wt=javabin&version=2} hits=1 status=0 QTime=32
2024-03-13 20:16:57.999 INFO  (qtp693267461-84-null-184) [c: s: r: x:n11core t:null-184] o.a.s.c.S.Request webapp=/solr path=/select params={q=id:4&start=0&rows=1&wt=javabin&version=2} hits=1 status=0 QTime=9
2024-03-13 20:16:58.046 INFO  (qtp693267461-71-null-185) [c: s: r: x:n11core t:null-185] o.a.s.c.S.Request webapp=/solr path=/select params={q=id:2&start=0&rows=1&wt=javabin&version=2} hits=1 status=0 QTime=26
2024-03-13 20:16:58.062 INFO  (qtp693267461-84-null-186) [c: s: r: x:n11core t:null-186] o.a.s.c.S.Request webapp=/solr path=/select params={q=id:1&start=0&rows=1&wt=javabin&version=2} hits=1 status=0 QTime=5
2024-03-13 20:30:26.032 INFO  (qtp693267461-75-null-187) [c: s: r: x:n11core t:null-187] o.a.s.c.S.Request webapp=/solr path=/select params={q=id:3&start=0&rows=1&wt=javabin&version=2} hits=1 status=0 QTime=279
2024-03-13 20:30:27.138 INFO  (qtp693267461-78-null-188) [c: s: r: x:n11core t:null-188] o.a.s.u.p.LogUpdateProcessorFactory webapp=/solr path=/update params={wt=javabin&version=2}{add=[3 (1793444362698358784)]} 0 710
2024-03-13 20:30:29.481 INFO  (searcherExecutor-13-thread-1-processing-n11core null-189) [c: s: r: x:n11core t:null-189] o.a.s.c.QuerySenderListener QuerySenderListener done.
2024-03-13 20:30:29.834 INFO  (searcherExecutor-13-thread-1-processing-n11core null-189) [c: s: r: x:n11core t:null-189] o.a.s.c.SolrCore Registered new searcher autowarm time: 31 ms
2024-03-13 20:30:30.215 INFO  (qtp693267461-19-null-189) [c: s: r: x:n11core t:null-189] o.a.s.u.p.LogUpdateProcessorFactory webapp=/solr path=/update params={waitSearcher=true&commit=true&softCommit=false&wt=javabin&version=2}{commit=} 0 3044
2024-03-13 20:30:57.459 INFO  (qtp693267461-78-null-190) [c: s: r: x:n11core t:null-190] o.a.s.c.S.Request webapp=/solr path=/select params={q=id:3&start=0&rows=1&wt=javabin&version=2} hits=1 status=0 QTime=55
2024-03-13 20:30:57.546 INFO  (qtp693267461-19-null-191) [c: s: r: x:n11core t:null-191] o.a.s.c.S.Request webapp=/solr path=/select params={q=id:4&start=0&rows=1&wt=javabin&version=2} hits=1 status=0 QTime=8
2024-03-13 20:30:57.575 INFO  (qtp693267461-78-null-192) [c: s: r: x:n11core t:null-192] o.a.s.c.S.Request webapp=/solr path=/select params={q=id:2&start=0&rows=1&wt=javabin&version=2} hits=1 status=0 QTime=7
2024-03-13 20:30:57.603 INFO  (qtp693267461-19-null-193) [c: s: r: x:n11core t:null-193] o.a.s.c.S.Request webapp=/solr path=/select params={q=id:1&start=0&rows=1&wt=javabin&version=2} hits=1 status=0 QTime=6
2024-03-13 20:36:29.279 INFO  (qtp693267461-78-null-194) [c: s: r: x:n11core t:null-194] o.a.s.c.S.Request webapp=/solr path=/select params={q=id:3&start=0&rows=1&wt=javabin&version=2} hits=1 status=0 QTime=140
2024-03-13 20:36:29.520 INFO  (qtp693267461-77-null-195) [c: s: r: x:n11core t:null-195] o.a.s.c.S.Request webapp=/solr path=/select params={q=id:4&start=0&rows=1&wt=javabin&version=2} hits=1 status=0 QTime=5
2024-03-13 20:36:29.543 INFO  (qtp693267461-83-null-196) [c: s: r: x:n11core t:null-196] o.a.s.c.S.Request webapp=/solr path=/select params={q=id:2&start=0&rows=1&wt=javabin&version=2} hits=1 status=0 QTime=6
2024-03-13 20:36:29.569 INFO  (qtp693267461-77-null-197) [c: s: r: x:n11core t:null-197] o.a.s.c.S.Request webapp=/solr path=/select params={q=id:1&start=0&rows=1&wt=javabin&version=2} hits=1 status=0 QTime=10
2024-03-13 20:47:44.957 INFO  (qtp693267461-80-null-198) [c: s: r: x:n11core t:null-198] o.a.s.c.S.Request webapp=/solr path=/select params={q=id:3&start=0&rows=1&wt=javabin&version=2} hits=1 status=0 QTime=185
2024-03-13 20:47:45.847 INFO  (qtp693267461-69-null-199) [c: s: r: x:n11core t:null-199] o.a.s.u.p.LogUpdateProcessorFactory webapp=/solr path=/update params={wt=javabin&version=2}{add=[3 (1793445452131074048)]} 0 383
2024-03-13 20:47:46.952 INFO  (searcherExecutor-13-thread-1-processing-n11core null-200) [c: s: r: x:n11core t:null-200] o.a.s.c.QuerySenderListener QuerySenderListener done.
2024-03-13 20:47:47.103 INFO  (searcherExecutor-13-thread-1-processing-n11core null-200) [c: s: r: x:n11core t:null-200] o.a.s.c.SolrCore Registered new searcher autowarm time: 14 ms
2024-03-13 20:47:47.358 INFO  (qtp693267461-65-null-200) [c: s: r: x:n11core t:null-200] o.a.s.u.p.LogUpdateProcessorFactory webapp=/solr path=/update params={waitSearcher=true&commit=true&softCommit=false&wt=javabin&version=2}{commit=} 0 1478
2024-03-13 20:50:04.389 INFO  (qtp693267461-84-null-201) [c: s: r: x:n11core t:null-201] o.a.s.c.S.Request webapp=/solr path=/select params={q=id:3&start=0&rows=1&wt=javabin&version=2} hits=1 status=0 QTime=320
2024-03-13 20:50:04.733 INFO  (qtp693267461-69-null-202) [c: s: r: x:n11core t:null-202] o.a.s.c.S.Request webapp=/solr path=/select params={q=id:4&start=0&rows=1&wt=javabin&version=2} hits=1 status=0 QTime=6
2024-03-13 20:50:04.758 INFO  (qtp693267461-84-null-203) [c: s: r: x:n11core t:null-203] o.a.s.c.S.Request webapp=/solr path=/select params={q=id:2&start=0&rows=1&wt=javabin&version=2} hits=1 status=0 QTime=6
2024-03-13 20:50:04.780 INFO  (qtp693267461-69-null-204) [c: s: r: x:n11core t:null-204] o.a.s.c.S.Request webapp=/solr path=/select params={q=id:1&start=0&rows=1&wt=javabin&version=2} hits=1 status=0 QTime=4
2024-03-13 21:37:07.757 INFO  (qtp693267461-86-null-205) [c: s: r: x: t:null-205] o.a.s.s.HttpSolrCall [admin] webapp=null path=/admin/cores params={indexInfo=false&wt=json&_=1710365824113} status=0 QTime=241
2024-03-13 21:37:07.757 INFO  (qtp693267461-85-null-207) [c: s: r: x:n11core t:null-207] o.a.s.c.S.Request webapp=/solr path=/config/params params={wt=json&_=1710365824332} status=0 QTime=241
2024-03-13 21:37:07.964 INFO  (qtp693267461-87-null-206) [c: s: r: x:n11core t:null-206] o.a.s.c.S.Request webapp=/solr path=/select params={q=*:*&indent=true&q.op=OR&useParams=&_=1710365824332} hits=4 status=0 QTime=502
2024-03-13 21:37:08.971 INFO  (qtp693267461-78-null-208) [c: s: r: x: t:null-208] o.a.s.s.HttpSolrCall [admin] webapp=null path=/admin/info/system params={wt=json&_=1710365824114} status=0 QTime=1514
2024-03-16 20:19:59.281 INFO  (qtp693267461-65-null-210) [c: s: r: x: t:null-210] o.a.s.s.HttpSolrCall [admin] webapp=null path=/admin/cores params={indexInfo=false&wt=json&_=1710620394581} status=0 QTime=386
2024-03-16 20:19:59.281 INFO  (qtp693267461-84-null-212) [c: s: r: x:n11core t:null-212] o.a.s.c.S.Request webapp=/solr path=/config/params params={wt=json&_=1710620398149} status=0 QTime=185
2024-03-16 20:19:59.714 INFO  (qtp693267461-80-null-211) [c: s: r: x:n11core t:null-211] o.a.s.c.S.Request webapp=/solr path=/select params={q=*:*&indent=true&q.op=OR&useParams=&_=1710620398149} hits=4 status=0 QTime=734
2024-03-16 20:20:00.741 INFO  (qtp693267461-77-null-209) [c: s: r: x: t:null-209] o.a.s.s.HttpSolrCall [admin] webapp=null path=/admin/info/system params={wt=json&_=1710620394583} status=0 QTime=1874
2024-03-16 20:20:02.516 INFO  (qtp693267461-69-null-214) [c: s: r: x:n11core t:null-214] o.a.s.c.S.Request webapp=/solr path=/config/params params={wt=json&_=1710620398149} status=0 QTime=0
2024-03-16 20:20:02.641 INFO  (qtp693267461-83-null-215) [c: s: r: x:n11core t:null-215] o.a.s.c.S.Request webapp=/solr path=/select params={q=*:*&indent=true&q.op=OR&useParams=&_=1710620398149} hits=4 status=0 QTime=26
2024-03-16 20:20:02.690 INFO  (qtp693267461-78-null-216) [c: s: r: x: t:null-216] o.a.s.s.HttpSolrCall [admin] webapp=null path=/admin/cores params={indexInfo=false&wt=json&_=1710620394581} status=0 QTime=4
2024-03-16 20:20:03.001 INFO  (qtp693267461-75-null-213) [c: s: r: x: t:null-213] o.a.s.s.HttpSolrCall [admin] webapp=null path=/admin/info/system params={wt=json&_=1710620394583} status=0 QTime=497
2024-03-16 20:22:25.384 INFO  (qtp693267461-91-null-217) [c: s: r: x:n11core t:null-217] o.a.s.u.p.LogUpdateProcessorFactory webapp=/solr path=/update params={wt=javabin&version=2}{add=[4 (1793715648278298624)]} 0 1064
2024-03-16 20:22:28.364 INFO  (searcherExecutor-13-thread-1-processing-n11core null-218) [c: s: r: x:n11core t:null-218] o.a.s.c.QuerySenderListener QuerySenderListener done.
2024-03-16 20:22:28.744 INFO  (searcherExecutor-13-thread-1-processing-n11core null-218) [c: s: r: x:n11core t:null-218] o.a.s.c.SolrCore Registered new searcher autowarm time: 39 ms
2024-03-16 20:22:30.022 INFO  (qtp693267461-75-null-218) [c: s: r: x:n11core t:null-218] o.a.s.u.p.LogUpdateProcessorFactory webapp=/solr path=/update params={waitSearcher=true&commit=true&softCommit=false&wt=javabin&version=2}{commit=} 0 4367
2024-03-16 20:23:22.774 INFO  (qtp693267461-65-null-219) [c: s: r: x:n11core t:null-219] o.a.s.c.S.Request webapp=/solr path=/select params={q=*:*&start=0&rows=0&wt=javabin&version=2} hits=4 status=0 QTime=353
2024-03-16 20:23:24.519 INFO  (qtp693267461-75-null-220) [c: s: r: x:n11core t:null-220] o.a.s.c.S.Request webapp=/solr path=/select params={q=*:*&start=0&rows=4&wt=javabin&version=2} hits=4 status=0 QTime=1579
2024-03-16 20:26:16.545 INFO  (qtp693267461-90-null-221) [c: s: r: x:n11core t:null-221] o.a.s.c.S.Request webapp=/solr path=/select params={q=*:*&start=0&rows=0&wt=javabin&version=2} hits=4 status=0 QTime=195
2024-03-16 20:26:16.656 INFO  (qtp693267461-90-null-222) [c: s: r: x:n11core t:null-222] o.a.s.c.S.Request webapp=/solr path=/select params={q=*:*&start=0&rows=4&wt=javabin&version=2} hits=4 status=0 QTime=4
2024-03-16 20:29:13.042 INFO  (qtp693267461-69-null-223) [c: s: r: x:n11core t:null-223] o.a.s.c.S.Request webapp=/solr path=/select params={q=*:*&start=0&rows=0&wt=javabin&version=2} hits=4 status=0 QTime=620
2024-03-16 20:29:13.577 INFO  (qtp693267461-65-null-224) [c: s: r: x:n11core t:null-224] o.a.s.c.S.Request webapp=/solr path=/select params={q=*:*&start=0&rows=4&wt=javabin&version=2} hits=4 status=0 QTime=22
2024-03-16 20:29:34.373 INFO  (qtp693267461-69-null-225) [c: s: r: x:n11core t:null-225] o.a.s.c.S.Request webapp=/solr path=/select params={q=*:*&start=0&rows=0&wt=javabin&version=2} hits=4 status=0 QTime=202
2024-03-16 20:29:34.492 INFO  (qtp693267461-69-null-226) [c: s: r: x:n11core t:null-226] o.a.s.c.S.Request webapp=/solr path=/select params={q=*:*&start=0&rows=4&wt=javabin&version=2} hits=4 status=0 QTime=3
2024-03-16 20:34:50.125 INFO  (qtp693267461-94-null-227) [c: s: r: x:n11core t:null-227] o.a.s.c.S.Request webapp=/solr path=/select params={q=*:*&start=0&rows=0&wt=javabin&version=2} hits=4 status=0 QTime=846
2024-03-16 20:34:50.271 INFO  (qtp693267461-94-null-228) [c: s: r: x:n11core t:null-228] o.a.s.c.S.Request webapp=/solr path=/select params={q=*:*&start=0&rows=4&wt=javabin&version=2} hits=4 status=0 QTime=12
2024-03-16 20:39:50.196 INFO  (qtp693267461-65-null-229) [c: s: r: x:n11core t:null-229] o.a.s.c.S.Request webapp=/solr path=/select params={q=*:*&start=0&rows=0&wt=javabin&version=2} hits=4 status=0 QTime=343
2024-03-16 20:39:50.833 INFO  (qtp693267461-75-null-230) [c: s: r: x:n11core t:null-230] o.a.s.c.S.Request webapp=/solr path=/select params={q=*:*&start=0&rows=4&wt=javabin&version=2} hits=4 status=0 QTime=15
2024-03-16 20:43:20.475 INFO  (qtp693267461-94-null-231) [c: s: r: x:n11core t:null-231] o.a.s.u.p.LogUpdateProcessorFactory webapp=/solr path=/update params={wt=javabin&version=2}{add=[9a276336-489e-42f6-9392-49c66c2f1f7d (1793716964298850304)]} 0 1107
2024-03-16 20:43:25.656 INFO  (searcherExecutor-13-thread-1-processing-n11core null-232) [c: s: r: x:n11core t:null-232] o.a.s.c.QuerySenderListener QuerySenderListener done.
2024-03-16 20:43:25.917 INFO  (searcherExecutor-13-thread-1-processing-n11core null-232) [c: s: r: x:n11core t:null-232] o.a.s.c.SolrCore Registered new searcher autowarm time: 19 ms
2024-03-16 20:43:25.949 INFO  (qtp693267461-90-null-232) [c: s: r: x:n11core t:null-232] o.a.s.u.p.LogUpdateProcessorFactory webapp=/solr path=/update params={waitSearcher=true&commit=true&softCommit=false&wt=javabin&version=2}{commit=} 0 5162
2024-03-16 20:45:56.856 INFO  (qtp693267461-91-null-233) [c: s: r: x:n11core t:null-233] o.a.s.u.p.LogUpdateProcessorFactory webapp=/solr path=/update params={wt=javabin&version=2}{add=[e4d69612-7508-459c-ac10-cb703bc6405d (1793717128619098112)]} 0 605
2024-03-16 20:46:00.036 INFO  (searcherExecutor-13-thread-1-processing-n11core null-234) [c: s: r: x:n11core t:null-234] o.a.s.c.QuerySenderListener QuerySenderListener done.
2024-03-16 20:46:00.344 INFO  (searcherExecutor-13-thread-1-processing-n11core null-234) [c: s: r: x:n11core t:null-234] o.a.s.c.SolrCore Registered new searcher autowarm time: 16 ms
2024-03-16 20:46:00.378 INFO  (qtp693267461-91-null-234) [c: s: r: x:n11core t:null-234] o.a.s.u.p.LogUpdateProcessorFactory webapp=/solr path=/update params={waitSearcher=true&commit=true&softCommit=false&wt=javabin&version=2}{commit=} 0 3428
2024-03-16 20:46:51.356 INFO  (qtp693267461-93-null-235) [c: s: r: x:n11core t:null-235] o.a.s.u.p.LogUpdateProcessorFactory webapp=/solr path=/update params={wt=javabin&version=2}{add=[d2801369-7e47-445a-9321-659cc088ca3a (1793717185363836928)]} 0 1135
2024-03-16 20:46:55.644 INFO  (searcherExecutor-13-thread-1-processing-n11core null-236) [c: s: r: x:n11core t:null-236] o.a.s.c.QuerySenderListener QuerySenderListener done.
2024-03-16 20:46:55.938 INFO  (searcherExecutor-13-thread-1-processing-n11core null-236) [c: s: r: x:n11core t:null-236] o.a.s.c.SolrCore Registered new searcher autowarm time: 20 ms
2024-03-16 20:46:55.976 INFO  (qtp693267461-93-null-236) [c: s: r: x:n11core t:null-236] o.a.s.u.p.LogUpdateProcessorFactory webapp=/solr path=/update params={waitSearcher=true&commit=true&softCommit=false&wt=javabin&version=2}{commit=} 0 4372
2024-03-16 20:47:14.065 INFO  (qtp693267461-69-null-237) [c: s: r: x:n11core t:null-237] o.a.s.u.p.LogUpdateProcessorFactory webapp=/solr path=/update params={wt=javabin&version=2}{add=[0dbbb085-c1cb-4c29-8782-2c02b008562e (1793717209119326208)]} 0 1829
2024-03-16 20:47:16.888 INFO  (searcherExecutor-13-thread-1-processing-n11core null-238) [c: s: r: x:n11core t:null-238] o.a.s.c.QuerySenderListener QuerySenderListener done.
2024-03-16 20:47:16.999 INFO  (searcherExecutor-13-thread-1-processing-n11core null-238) [c: s: r: x:n11core t:null-238] o.a.s.c.SolrCore Registered new searcher autowarm time: 9 ms
2024-03-16 20:47:17.030 INFO  (qtp693267461-93-null-238) [c: s: r: x:n11core t:null-238] o.a.s.u.p.LogUpdateProcessorFactory webapp=/solr path=/update params={waitSearcher=true&commit=true&softCommit=false&wt=javabin&version=2}{commit=} 0 2905
2024-03-16 20:47:35.176 INFO  (qtp693267461-94-null-241) [c: s: r: x:n11core t:null-241] o.a.s.c.S.Request webapp=/solr path=/config/params params={wt=json&_=1710622054408} status=0 QTime=23
2024-03-16 20:47:35.176 INFO  (qtp693267461-75-null-239) [c: s: r: x: t:null-239] o.a.s.s.HttpSolrCall [admin] webapp=null path=/admin/cores params={indexInfo=false&wt=json&_=1710622054242} status=0 QTime=33
2024-03-16 20:47:35.283 INFO  (qtp693267461-69-null-242) [c: s: r: x:n11core t:null-242] o.a.s.c.S.Request webapp=/solr path=/select params={q=*:*&indent=true&q.op=OR&useParams=&_=1710622054407} hits=8 status=0 QTime=114
2024-03-16 20:47:35.581 INFO  (qtp693267461-90-null-240) [c: s: r: x: t:null-240] o.a.s.s.HttpSolrCall [admin] webapp=null path=/admin/info/system params={wt=json&_=1710622054244} status=0 QTime=441
2024-03-16 20:47:37.286 INFO  (qtp693267461-77-null-245) [c: s: r: x: t:null-245] o.a.s.s.HttpSolrCall [admin] webapp=null path=/admin/cores params={indexInfo=false&wt=json&_=1710622054242} status=0 QTime=0
2024-03-16 20:47:37.287 INFO  (qtp693267461-65-null-244) [c: s: r: x:n11core t:null-244] o.a.s.c.S.Request webapp=/solr path=/config/params params={wt=json&_=1710622054408} status=0 QTime=2
2024-03-16 20:47:37.293 INFO  (qtp693267461-93-null-243) [c: s: r: x:n11core t:null-243] o.a.s.c.S.Request webapp=/solr path=/select params={q=*:*&indent=true&q.op=OR&useParams=&_=1710622054407} hits=8 status=0 QTime=8
2024-03-16 20:47:37.504 INFO  (qtp693267461-89-null-246) [c: s: r: x: t:null-246] o.a.s.s.HttpSolrCall [admin] webapp=null path=/admin/info/system params={wt=json&_=1710622054244} status=0 QTime=218
2024-03-16 20:50:37.376 INFO  (qtp693267461-75-null-247) [c: s: r: x:n11core t:null-247] o.a.s.u.p.LogUpdateProcessorFactory webapp=/solr path=/update params={wt=javabin&version=2}{add=[f2f4f1f5-4235-4896-b8da-76b8dec4de79 (1793717422640857088)]} 0 785
2024-03-16 20:50:39.893 INFO  (searcherExecutor-13-thread-1-processing-n11core null-248) [c: s: r: x:n11core t:null-248] o.a.s.c.QuerySenderListener QuerySenderListener done.
2024-03-16 20:50:40.731 INFO  (searcherExecutor-13-thread-1-processing-n11core null-248) [c: s: r: x:n11core t:null-248] o.a.s.c.SolrCore Registered new searcher autowarm time: 28 ms
2024-03-16 20:50:40.778 INFO  (qtp693267461-89-null-248) [c: s: r: x:n11core t:null-248] o.a.s.u.p.LogUpdateProcessorFactory webapp=/solr path=/update params={waitSearcher=true&commit=true&softCommit=false&wt=javabin&version=2}{commit=} 0 3383
2024-03-16 20:51:18.057 INFO  (qtp693267461-90-null-249) [c: s: r: x:n11core t:null-249] o.a.s.u.p.LogUpdateProcessorFactory webapp=/solr path=/update params={wt=javabin&version=2}{add=[d2e09ddc-4841-4b3f-9423-fc45ec342f97 (1793717465411223552)]} 0 624
2024-03-16 20:51:20.294 INFO  (searcherExecutor-13-thread-1-processing-n11core null-250) [c: s: r: x:n11core t:null-250] o.a.s.c.QuerySenderListener QuerySenderListener done.
2024-03-16 20:51:20.456 INFO  (searcherExecutor-13-thread-1-processing-n11core null-250) [c: s: r: x:n11core t:null-250] o.a.s.c.SolrCore Registered new searcher autowarm time: 16 ms
2024-03-16 20:51:20.476 INFO  (qtp693267461-90-null-250) [c: s: r: x:n11core t:null-250] o.a.s.u.p.LogUpdateProcessorFactory webapp=/solr path=/update params={waitSearcher=true&commit=true&softCommit=false&wt=javabin&version=2}{commit=} 0 2306
2024-03-16 20:51:55.232 INFO  (qtp693267461-89-null-251) [c: s: r: x:n11core t:null-251] o.a.s.u.p.LogUpdateProcessorFactory webapp=/solr path=/update params={wt=javabin&version=2}{add=[63c9dc89-e4cf-43be-a913-8ee196c0fcdf (1793717503927517184)]} 0 1288
2024-03-16 20:52:00.661 INFO  (searcherExecutor-13-thread-1-processing-n11core null-252) [c: s: r: x:n11core t:null-252] o.a.s.c.QuerySenderListener QuerySenderListener done.
2024-03-16 20:52:00.777 INFO  (searcherExecutor-13-thread-1-processing-n11core null-252) [c: s: r: x:n11core t:null-252] o.a.s.c.SolrCore Registered new searcher autowarm time: 29 ms
2024-03-16 20:52:00.792 INFO  (qtp693267461-89-null-252) [c: s: r: x:n11core t:null-252] o.a.s.u.p.LogUpdateProcessorFactory webapp=/solr path=/update params={waitSearcher=true&commit=true&softCommit=false&wt=javabin&version=2}{commit=} 0 5446
2024-03-16 20:57:05.582 INFO  (qtp693267461-90-null-253) [c: s: r: x:n11core t:null-253] o.a.s.c.S.Request webapp=/solr path=/select params={q=id:3&start=0&rows=1&wt=javabin&version=2} hits=1 status=0 QTime=333
2024-03-16 20:57:30.465 INFO  (qtp693267461-93-null-254) [c: s: r: x:n11core t:null-254] o.a.s.u.p.LogUpdateProcessorFactory webapp=/solr path=/update params={wt=javabin&version=2}{add=[3 (1793717854454939648)]} 0 2233
2024-03-16 20:57:33.089 INFO  (searcherExecutor-13-thread-1-processing-n11core null-255) [c: s: r: x:n11core t:null-255] o.a.s.c.QuerySenderListener QuerySenderListener done.
2024-03-16 20:57:33.403 INFO  (searcherExecutor-13-thread-1-processing-n11core null-255) [c: s: r: x:n11core t:null-255] o.a.s.c.SolrCore Registered new searcher autowarm time: 34 ms
2024-03-16 20:57:36.752 INFO  (qtp693267461-98-null-255) [c: s: r: x:n11core t:null-255] o.a.s.u.p.LogUpdateProcessorFactory webapp=/solr path=/update params={waitSearcher=true&commit=true&softCommit=false&wt=javabin&version=2}{commit=} 0 6004
2024-03-16 21:04:08.131 INFO  (qtp693267461-93-null-256) [c: s: r: x:n11core t:null-256] o.a.s.c.S.Request webapp=/solr path=/select params={q=id:3&start=0&rows=1&wt=javabin&version=2} hits=1 status=0 QTime=296
2024-03-16 21:04:08.832 INFO  (qtp693267461-65-null-257) [c: s: r: x:n11core t:null-257] o.a.s.u.p.LogUpdateProcessorFactory webapp=/solr path=/update params={wt=javabin&version=2}{add=[3 (1793718273772093440)]} 0 337
2024-03-16 21:04:10.046 INFO  (searcherExecutor-13-thread-1-processing-n11core null-258) [c: s: r: x:n11core t:null-258] o.a.s.c.QuerySenderListener QuerySenderListener done.
2024-03-16 21:04:10.179 INFO  (searcherExecutor-13-thread-1-processing-n11core null-258) [c: s: r: x:n11core t:null-258] o.a.s.c.SolrCore Registered new searcher autowarm time: 7 ms
2024-03-16 21:04:10.476 INFO  (qtp693267461-69-null-258) [c: s: r: x:n11core t:null-258] o.a.s.u.p.LogUpdateProcessorFactory webapp=/solr path=/update params={waitSearcher=true&commit=true&softCommit=false&wt=javabin&version=2}{commit=} 0 1603
2024-03-16 21:04:56.958 INFO  (qtp693267461-65-null-259) [c: s: r: x:n11core t:null-259] o.a.s.c.S.Request webapp=/solr path=/select params={q=id:15&start=0&rows=1&wt=javabin&version=2} hits=0 status=0 QTime=352
2024-03-16 21:07:04.855 INFO  (qtp693267461-94-null-260) [c: s: r: x:n11core t:null-260] o.a.s.c.S.Request webapp=/solr path=/select params={q=id:15&start=0&rows=1&wt=javabin&version=2} hits=0 status=0 QTime=226
2024-03-16 21:07:21.574 INFO  (qtp693267461-69-null-261) [c: s: r: x:n11core t:null-261] o.a.s.u.p.LogUpdateProcessorFactory webapp=/solr path=/update params={wt=javabin&version=2}{delete=[3 (-1793718475884068864)]} 0 822
2024-03-16 21:07:22.236 INFO  (searcherExecutor-13-thread-1-processing-n11core null-262) [c: s: r: x:n11core t:null-262] o.a.s.c.QuerySenderListener QuerySenderListener done.
2024-03-16 21:07:22.385 INFO  (searcherExecutor-13-thread-1-processing-n11core null-262) [c: s: r: x:n11core t:null-262] o.a.s.c.SolrCore Registered new searcher autowarm time: 18 ms
2024-03-16 21:07:22.687 INFO  (qtp693267461-94-null-262) [c: s: r: x:n11core t:null-262] o.a.s.u.p.LogUpdateProcessorFactory webapp=/solr path=/update params={waitSearcher=true&commit=true&softCommit=false&wt=javabin&version=2}{commit=} 0 1085
2024-03-17 06:29:35.307 INFO  (JettyShutdownThread) [c: s: r: x: t:] o.e.j.s.Server Stopped Server@376a312c{STOPPING}[10.0.19,sto=0]
2024-03-17 06:29:35.963 INFO  (JettyShutdownThread) [c: s: r: x: t:] o.e.j.s.AbstractConnector Stopped ServerConnector@2b95e48b{HTTP/1.1, (http/1.1, h2c)}{0.0.0.0:8983}
2024-03-17 06:29:36.814 INFO  (JettyShutdownThread) [c: s: r: x: t:] o.a.s.c.CoreContainer Shutting down CoreContainer instance=1537371824
2024-03-17 06:29:37.033 INFO  (coreCloseExecutor-19-thread-1) [c: s: r: x:n11core t:] o.a.s.c.SolrCore CLOSING SolrCore org.apache.solr.core.SolrCore@1cb8008d n11core
2024-03-17 06:29:37.114 INFO  (coreCloseExecutor-19-thread-1) [c: s: r: x:n11core t:] o.a.s.m.SolrMetricManager Closing metric reporters for registry=solr.core.n11core tag=SolrCore@1cb8008d
2024-03-17 06:29:37.590 INFO  (coreCloseExecutor-19-thread-1) [c: s: r: x:n11core t:] o.a.s.u.DirectUpdateHandler2 Committing on IndexWriter.close()  ... SKIPPED (unnecessary).
2024-03-17 06:29:38.442 INFO  (JettyShutdownThread) [c: s: r: x: t:] o.a.s.m.SolrMetricManager Closing metric reporters for registry=solr.node tag=null
2024-03-17 06:29:38.577 INFO  (JettyShutdownThread) [c: s: r: x: t:] o.a.s.m.SolrMetricManager Closing metric reporters for registry=solr.jvm tag=null
2024-03-17 06:29:38.654 INFO  (JettyShutdownThread) [c: s: r: x: t:] o.a.s.m.SolrMetricManager Closing metric reporters for registry=solr.jetty tag=null
2024-03-17 06:29:39.398 INFO  (JettyShutdownThread) [c: s: r: x: t:] o.e.j.s.h.ContextHandler Stopped o.e.j.w.WebAppContext@655a5d9c{solr-jetty-context.xml,/solr,null,STOPPED}{/opt/solr-9.5.0/server/solr-webapp/webapp}
